#
# There is insufficient memory for the Java Runtime Environment to continue.
# Native memory allocation (malloc) failed to allocate 1189600 bytes for Chunk::new
# Possible reasons:
#   The system is out of physical RAM or swap space
#   The process is running with CompressedOops enabled, and the Java Heap may be blocking the growth of the native heap
# Possible solutions:
#   Reduce memory load on the system
#   Increase physical memory or swap space
#   Check if swap backing store is full
#   Decrease Java heap size (-Xmx/-Xms)
#   Decrease number of Java threads
#   Decrease Java thread stack sizes (-Xss)
#   Set larger code cache with -XX:ReservedCodeCacheSize=
#   JVM is running with Unscaled Compressed Oops mode in which the Java heap is
#     placed in the first 4GB address space. The Java Heap base address is the
#     maximum limit for the native heap growth. Please use -XX:HeapBaseMinAddress
#     to set the Java Heap base and to place the Java Heap above 4GB virtual address.
# This output file may be truncated or incomplete.
#
#  Out of Memory Error (arena.cpp:166), pid=2956, tid=9532
#
# JRE version: Java(TM) SE Runtime Environment (21.0+35) (build 21+35-LTS-2513)
# Java VM: Java HotSpot(TM) 64-Bit Server VM (21+35-LTS-2513, mixed mode, sharing, tiered, compressed oops, compressed class ptrs, g1 gc, windows-amd64)
# No core dump will be written. Minidumps are not enabled by default on client versions of Windows
#

---------------  S U M M A R Y ------------

Command Line: --module-path=D:\openjfx-22_windows-x64_bin-sdk\javafx-sdk-22\lib --add-modules=javafx.controls,javafx.fxml -javaagent:D:\IntelliJ IDEA 2023.3.4\lib\idea_rt.jar=63095:D:\IntelliJ IDEA 2023.3.4\bin -Dfile.encoding=UTF-8 -Dsun.stdout.encoding=UTF-8 -Dsun.stderr.encoding=UTF-8 Controllers.App

Host: AMD Ryzen 5 5600H with Radeon Graphics         , 12 cores, 5G,  Windows 11 , 64 bit Build 22621 (10.0.22621.3527)
Time: Thu May 30 14:25:39 2024 SE Asia Standard Time elapsed time: 0.315893 seconds (0d 0h 0m 0s)

---------------  T H R E A D  ---------------

Current thread (0x0000025e791aa4d0):  JavaThread "C2 CompilerThread2" daemon [_thread_in_native, id=9532, stack(0x000000ebda600000,0x000000ebda700000) (1024K)]


Current CompileTask:
C2:    315  323       4       java.util.stream.ReferencePipeline$3$1::accept (23 bytes)

Stack: [0x000000ebda600000,0x000000ebda700000]
Native frames: (J=compiled Java code, j=interpreted, Vv=VM code, C=native code)
V  [jvm.dll+0x6c8d39]
V  [jvm.dll+0x854091]
V  [jvm.dll+0x85630e]
V  [jvm.dll+0x8569e3]
V  [jvm.dll+0x2809a6]
V  [jvm.dll+0xc3e6d]
V  [jvm.dll+0xc4383]
V  [jvm.dll+0x3b551c]
V  [jvm.dll+0x1e1db3]
V  [jvm.dll+0x249952]
V  [jvm.dll+0x248de1]
V  [jvm.dll+0x1c9b91]
V  [jvm.dll+0x2583e9]
V  [jvm.dll+0x2569ca]
V  [jvm.dll+0x3eef66]
V  [jvm.dll+0x7fd2c8]
V  [jvm.dll+0x6c748d]
C  [ucrtbase.dll+0x29333]
C  [KERNEL32.DLL+0x1257d]
C  [ntdll.dll+0x5aa48]


---------------  P R O C E S S  ---------------

Threads class SMR info:
_java_thread_list=0x0000025e79cc5100, length=15, elements={
0x0000025e56b687b0, 0x0000025e74e0b170, 0x0000025e74e0be90, 0x0000025e74e0e200,
0x0000025e74e0ec60, 0x0000025e74e12ea0, 0x0000025e74e13cb0, 0x0000025e74e186e0,
0x0000025e74e39930, 0x0000025e7908b5a0, 0x0000025e791a9e20, 0x0000025e791aa4d0,
0x0000025e79e7a950, 0x0000025e79bf8e20, 0x0000025e7987a6d0
}

Java Threads: ( => current thread )
  0x0000025e56b687b0 JavaThread "main"                              [_thread_blocked, id=18604, stack(0x000000ebd9400000,0x000000ebd9500000) (1024K)]
  0x0000025e74e0b170 JavaThread "Reference Handler"          daemon [_thread_blocked, id=24404, stack(0x000000ebd9c00000,0x000000ebd9d00000) (1024K)]
  0x0000025e74e0be90 JavaThread "Finalizer"                  daemon [_thread_blocked, id=25896, stack(0x000000ebd9d00000,0x000000ebd9e00000) (1024K)]
  0x0000025e74e0e200 JavaThread "Signal Dispatcher"          daemon [_thread_blocked, id=30292, stack(0x000000ebd9e00000,0x000000ebd9f00000) (1024K)]
  0x0000025e74e0ec60 JavaThread "Attach Listener"            daemon [_thread_blocked, id=18296, stack(0x000000ebd9f00000,0x000000ebda000000) (1024K)]
  0x0000025e74e12ea0 JavaThread "Service Thread"             daemon [_thread_blocked, id=32056, stack(0x000000ebda000000,0x000000ebda100000) (1024K)]
  0x0000025e74e13cb0 JavaThread "Monitor Deflation Thread"   daemon [_thread_blocked, id=22680, stack(0x000000ebda100000,0x000000ebda200000) (1024K)]
  0x0000025e74e186e0 JavaThread "C2 CompilerThread0"         daemon [_thread_blocked, id=10028, stack(0x000000ebda200000,0x000000ebda300000) (1024K)]
  0x0000025e74e39930 JavaThread "C1 CompilerThread0"         daemon [_thread_blocked, id=20188, stack(0x000000ebda300000,0x000000ebda400000) (1024K)]
  0x0000025e7908b5a0 JavaThread "Common-Cleaner"             daemon [_thread_blocked, id=8704, stack(0x000000ebda400000,0x000000ebda500000) (1024K)]
  0x0000025e791a9e20 JavaThread "C2 CompilerThread1"         daemon [_thread_blocked, id=32532, stack(0x000000ebda500000,0x000000ebda600000) (1024K)]
=>0x0000025e791aa4d0 JavaThread "C2 CompilerThread2"         daemon [_thread_in_native, id=9532, stack(0x000000ebda600000,0x000000ebda700000) (1024K)]
  0x0000025e79e7a950 JavaThread "Monitor Ctrl-Break"         daemon [_thread_in_native, id=35368, stack(0x000000ebda700000,0x000000ebda800000) (1024K)]
  0x0000025e79bf8e20 JavaThread "Notification Thread"        daemon [_thread_blocked, id=30036, stack(0x000000ebda800000,0x000000ebda900000) (1024K)]
  0x0000025e7987a6d0 JavaThread "QuantumRenderer-0"          daemon [_thread_in_native, id=11096, stack(0x000000ebda900000,0x000000ebdaa00000) (1024K)]
Total: 15

Other Threads:
  0x0000025e5683c1d0 VMThread "VM Thread"                           [id=31228, stack(0x000000ebd9b00000,0x000000ebd9c00000) (1024K)]
  0x0000025e74dd5c20 WatcherThread "VM Periodic Task Thread"        [id=20764, stack(0x000000ebd9a00000,0x000000ebd9b00000) (1024K)]
  0x0000025e5683b6f0 WorkerThread "GC Thread#0"                     [id=33244, stack(0x000000ebd9500000,0x000000ebd9600000) (1024K)]
  0x0000025e56bc13a0 ConcurrentGCThread "G1 Main Marker"            [id=23576, stack(0x000000ebd9600000,0x000000ebd9700000) (1024K)]
  0x0000025e5683ccb0 WorkerThread "G1 Conc#0"                       [id=30644, stack(0x000000ebd9700000,0x000000ebd9800000) (1024K)]
  0x0000025e74cb24c0 ConcurrentGCThread "G1 Refine#0"               [id=16940, stack(0x000000ebd9800000,0x000000ebd9900000) (1024K)]
  0x0000025e56c25f90 ConcurrentGCThread "G1 Service"                [id=23668, stack(0x000000ebd9900000,0x000000ebd9a00000) (1024K)]
Total: 7

Threads with active compile tasks:
C2 CompilerThread2      332  323       4       java.util.stream.ReferencePipeline$3$1::accept (23 bytes)
Total: 1

VM state: not at safepoint (normal execution)

VM Mutex/Monitor currently owned by a thread: None

Heap address: 0x00000000a2400000, size: 1500 MB, Compressed Oops mode: 32-bit

CDS archive(s) mapped at: [0x0000025e00000000-0x0000025e00c90000-0x0000025e00c90000), size 13172736, SharedBaseAddress: 0x0000025e00000000, ArchiveRelocationMode: 1.
Compressed class space mapped at: 0x0000025e01000000-0x0000025e41000000, reserved size: 1073741824
Narrow klass base: 0x0000025e00000000, Narrow klass shift: 0, Narrow klass range: 0x100000000

GC Precious Log:
 CardTable entry size: 512
 Card Set container configuration: InlinePtr #cards 5 size 8 Array Of Cards #cards 12 size 40 Howl #buckets 4 coarsen threshold 1843 Howl Bitmap #cards 512 size 80 coarsen threshold 460 Card regions per heap region 1 cards per card region 2048
 CPUs: 12 total, 12 available
 Memory: 5996M
 Large Page Support: Disabled
 NUMA Support: Disabled
 Compressed Oops: Enabled (32-bit)
 Heap Region Size: 1M
 Heap Min Capacity: 8M
 Heap Initial Capacity: 94M
 Heap Max Capacity: 1500M
 Pre-touch: Disabled
 Parallel Workers: 10
 Concurrent Workers: 3
 Concurrent Refinement Workers: 10
 Periodic GC: Disabled

Heap:
 garbage-first heap   total 96256K, used 12288K [0x00000000a2400000, 0x0000000100000000)
  region size 1024K, 14 young (14336K), 0 survivors (0K)
 Metaspace       used 2431K, committed 2560K, reserved 1114112K
  class space    used 250K, committed 320K, reserved 1048576K

Heap Regions: E=young(eden), S=young(survivor), O=old, HS=humongous(starts), HC=humongous(continues), CS=collection set, F=free, TAMS=top-at-mark-start, PB=parsable bottom
|   0|0x00000000a2400000, 0x00000000a2400000, 0x00000000a2500000|  0%| F|  |TAMS 0x00000000a2400000| PB 0x00000000a2400000| Untracked 
|   1|0x00000000a2500000, 0x00000000a2500000, 0x00000000a2600000|  0%| F|  |TAMS 0x00000000a2500000| PB 0x00000000a2500000| Untracked 
|   2|0x00000000a2600000, 0x00000000a2600000, 0x00000000a2700000|  0%| F|  |TAMS 0x00000000a2600000| PB 0x00000000a2600000| Untracked 
|   3|0x00000000a2700000, 0x00000000a2700000, 0x00000000a2800000|  0%| F|  |TAMS 0x00000000a2700000| PB 0x00000000a2700000| Untracked 
|   4|0x00000000a2800000, 0x00000000a2800000, 0x00000000a2900000|  0%| F|  |TAMS 0x00000000a2800000| PB 0x00000000a2800000| Untracked 
|   5|0x00000000a2900000, 0x00000000a2900000, 0x00000000a2a00000|  0%| F|  |TAMS 0x00000000a2900000| PB 0x00000000a2900000| Untracked 
|   6|0x00000000a2a00000, 0x00000000a2a00000, 0x00000000a2b00000|  0%| F|  |TAMS 0x00000000a2a00000| PB 0x00000000a2a00000| Untracked 
|   7|0x00000000a2b00000, 0x00000000a2b00000, 0x00000000a2c00000|  0%| F|  |TAMS 0x00000000a2b00000| PB 0x00000000a2b00000| Untracked 
|   8|0x00000000a2c00000, 0x00000000a2c00000, 0x00000000a2d00000|  0%| F|  |TAMS 0x00000000a2c00000| PB 0x00000000a2c00000| Untracked 
|   9|0x00000000a2d00000, 0x00000000a2d00000, 0x00000000a2e00000|  0%| F|  |TAMS 0x00000000a2d00000| PB 0x00000000a2d00000| Untracked 
|  10|0x00000000a2e00000, 0x00000000a2e00000, 0x00000000a2f00000|  0%| F|  |TAMS 0x00000000a2e00000| PB 0x00000000a2e00000| Untracked 
|  11|0x00000000a2f00000, 0x00000000a2f00000, 0x00000000a3000000|  0%| F|  |TAMS 0x00000000a2f00000| PB 0x00000000a2f00000| Untracked 
|  12|0x00000000a3000000, 0x00000000a3000000, 0x00000000a3100000|  0%| F|  |TAMS 0x00000000a3000000| PB 0x00000000a3000000| Untracked 
|  13|0x00000000a3100000, 0x00000000a3100000, 0x00000000a3200000|  0%| F|  |TAMS 0x00000000a3100000| PB 0x00000000a3100000| Untracked 
|  14|0x00000000a3200000, 0x00000000a3200000, 0x00000000a3300000|  0%| F|  |TAMS 0x00000000a3200000| PB 0x00000000a3200000| Untracked 
|  15|0x00000000a3300000, 0x00000000a3300000, 0x00000000a3400000|  0%| F|  |TAMS 0x00000000a3300000| PB 0x00000000a3300000| Untracked 
|  16|0x00000000a3400000, 0x00000000a3400000, 0x00000000a3500000|  0%| F|  |TAMS 0x00000000a3400000| PB 0x00000000a3400000| Untracked 
|  17|0x00000000a3500000, 0x00000000a3500000, 0x00000000a3600000|  0%| F|  |TAMS 0x00000000a3500000| PB 0x00000000a3500000| Untracked 
|  18|0x00000000a3600000, 0x00000000a3600000, 0x00000000a3700000|  0%| F|  |TAMS 0x00000000a3600000| PB 0x00000000a3600000| Untracked 
|  19|0x00000000a3700000, 0x00000000a3700000, 0x00000000a3800000|  0%| F|  |TAMS 0x00000000a3700000| PB 0x00000000a3700000| Untracked 
|  20|0x00000000a3800000, 0x00000000a3800000, 0x00000000a3900000|  0%| F|  |TAMS 0x00000000a3800000| PB 0x00000000a3800000| Untracked 
|  21|0x00000000a3900000, 0x00000000a3900000, 0x00000000a3a00000|  0%| F|  |TAMS 0x00000000a3900000| PB 0x00000000a3900000| Untracked 
|  22|0x00000000a3a00000, 0x00000000a3a00000, 0x00000000a3b00000|  0%| F|  |TAMS 0x00000000a3a00000| PB 0x00000000a3a00000| Untracked 
|  23|0x00000000a3b00000, 0x00000000a3b00000, 0x00000000a3c00000|  0%| F|  |TAMS 0x00000000a3b00000| PB 0x00000000a3b00000| Untracked 
|  24|0x00000000a3c00000, 0x00000000a3c00000, 0x00000000a3d00000|  0%| F|  |TAMS 0x00000000a3c00000| PB 0x00000000a3c00000| Untracked 
|  25|0x00000000a3d00000, 0x00000000a3d00000, 0x00000000a3e00000|  0%| F|  |TAMS 0x00000000a3d00000| PB 0x00000000a3d00000| Untracked 
|  26|0x00000000a3e00000, 0x00000000a3e00000, 0x00000000a3f00000|  0%| F|  |TAMS 0x00000000a3e00000| PB 0x00000000a3e00000| Untracked 
|  27|0x00000000a3f00000, 0x00000000a3f00000, 0x00000000a4000000|  0%| F|  |TAMS 0x00000000a3f00000| PB 0x00000000a3f00000| Untracked 
|  28|0x00000000a4000000, 0x00000000a4000000, 0x00000000a4100000|  0%| F|  |TAMS 0x00000000a4000000| PB 0x00000000a4000000| Untracked 
|  29|0x00000000a4100000, 0x00000000a4100000, 0x00000000a4200000|  0%| F|  |TAMS 0x00000000a4100000| PB 0x00000000a4100000| Untracked 
|  30|0x00000000a4200000, 0x00000000a4200000, 0x00000000a4300000|  0%| F|  |TAMS 0x00000000a4200000| PB 0x00000000a4200000| Untracked 
|  31|0x00000000a4300000, 0x00000000a4300000, 0x00000000a4400000|  0%| F|  |TAMS 0x00000000a4300000| PB 0x00000000a4300000| Untracked 
|  32|0x00000000a4400000, 0x00000000a4400000, 0x00000000a4500000|  0%| F|  |TAMS 0x00000000a4400000| PB 0x00000000a4400000| Untracked 
|  33|0x00000000a4500000, 0x00000000a4500000, 0x00000000a4600000|  0%| F|  |TAMS 0x00000000a4500000| PB 0x00000000a4500000| Untracked 
|  34|0x00000000a4600000, 0x00000000a4600000, 0x00000000a4700000|  0%| F|  |TAMS 0x00000000a4600000| PB 0x00000000a4600000| Untracked 
|  35|0x00000000a4700000, 0x00000000a4700000, 0x00000000a4800000|  0%| F|  |TAMS 0x00000000a4700000| PB 0x00000000a4700000| Untracked 
|  36|0x00000000a4800000, 0x00000000a4800000, 0x00000000a4900000|  0%| F|  |TAMS 0x00000000a4800000| PB 0x00000000a4800000| Untracked 
|  37|0x00000000a4900000, 0x00000000a4900000, 0x00000000a4a00000|  0%| F|  |TAMS 0x00000000a4900000| PB 0x00000000a4900000| Untracked 
|  38|0x00000000a4a00000, 0x00000000a4a00000, 0x00000000a4b00000|  0%| F|  |TAMS 0x00000000a4a00000| PB 0x00000000a4a00000| Untracked 
|  39|0x00000000a4b00000, 0x00000000a4b00000, 0x00000000a4c00000|  0%| F|  |TAMS 0x00000000a4b00000| PB 0x00000000a4b00000| Untracked 
|  40|0x00000000a4c00000, 0x00000000a4c00000, 0x00000000a4d00000|  0%| F|  |TAMS 0x00000000a4c00000| PB 0x00000000a4c00000| Untracked 
|  41|0x00000000a4d00000, 0x00000000a4d00000, 0x00000000a4e00000|  0%| F|  |TAMS 0x00000000a4d00000| PB 0x00000000a4d00000| Untracked 
|  42|0x00000000a4e00000, 0x00000000a4e00000, 0x00000000a4f00000|  0%| F|  |TAMS 0x00000000a4e00000| PB 0x00000000a4e00000| Untracked 
|  43|0x00000000a4f00000, 0x00000000a4f00000, 0x00000000a5000000|  0%| F|  |TAMS 0x00000000a4f00000| PB 0x00000000a4f00000| Untracked 
|  44|0x00000000a5000000, 0x00000000a5000000, 0x00000000a5100000|  0%| F|  |TAMS 0x00000000a5000000| PB 0x00000000a5000000| Untracked 
|  45|0x00000000a5100000, 0x00000000a5100000, 0x00000000a5200000|  0%| F|  |TAMS 0x00000000a5100000| PB 0x00000000a5100000| Untracked 
|  46|0x00000000a5200000, 0x00000000a5200000, 0x00000000a5300000|  0%| F|  |TAMS 0x00000000a5200000| PB 0x00000000a5200000| Untracked 
|  47|0x00000000a5300000, 0x00000000a5300000, 0x00000000a5400000|  0%| F|  |TAMS 0x00000000a5300000| PB 0x00000000a5300000| Untracked 
|  48|0x00000000a5400000, 0x00000000a5400000, 0x00000000a5500000|  0%| F|  |TAMS 0x00000000a5400000| PB 0x00000000a5400000| Untracked 
|  49|0x00000000a5500000, 0x00000000a5500000, 0x00000000a5600000|  0%| F|  |TAMS 0x00000000a5500000| PB 0x00000000a5500000| Untracked 
|  50|0x00000000a5600000, 0x00000000a5600000, 0x00000000a5700000|  0%| F|  |TAMS 0x00000000a5600000| PB 0x00000000a5600000| Untracked 
|  51|0x00000000a5700000, 0x00000000a5700000, 0x00000000a5800000|  0%| F|  |TAMS 0x00000000a5700000| PB 0x00000000a5700000| Untracked 
|  52|0x00000000a5800000, 0x00000000a5800000, 0x00000000a5900000|  0%| F|  |TAMS 0x00000000a5800000| PB 0x00000000a5800000| Untracked 
|  53|0x00000000a5900000, 0x00000000a5900000, 0x00000000a5a00000|  0%| F|  |TAMS 0x00000000a5900000| PB 0x00000000a5900000| Untracked 
|  54|0x00000000a5a00000, 0x00000000a5a00000, 0x00000000a5b00000|  0%| F|  |TAMS 0x00000000a5a00000| PB 0x00000000a5a00000| Untracked 
|  55|0x00000000a5b00000, 0x00000000a5b00000, 0x00000000a5c00000|  0%| F|  |TAMS 0x00000000a5b00000| PB 0x00000000a5b00000| Untracked 
|  56|0x00000000a5c00000, 0x00000000a5c00000, 0x00000000a5d00000|  0%| F|  |TAMS 0x00000000a5c00000| PB 0x00000000a5c00000| Untracked 
|  57|0x00000000a5d00000, 0x00000000a5d00000, 0x00000000a5e00000|  0%| F|  |TAMS 0x00000000a5d00000| PB 0x00000000a5d00000| Untracked 
|  58|0x00000000a5e00000, 0x00000000a5e00000, 0x00000000a5f00000|  0%| F|  |TAMS 0x00000000a5e00000| PB 0x00000000a5e00000| Untracked 
|  59|0x00000000a5f00000, 0x00000000a5f00000, 0x00000000a6000000|  0%| F|  |TAMS 0x00000000a5f00000| PB 0x00000000a5f00000| Untracked 
|  60|0x00000000a6000000, 0x00000000a6000000, 0x00000000a6100000|  0%| F|  |TAMS 0x00000000a6000000| PB 0x00000000a6000000| Untracked 
|  61|0x00000000a6100000, 0x00000000a6100000, 0x00000000a6200000|  0%| F|  |TAMS 0x00000000a6100000| PB 0x00000000a6100000| Untracked 
|  62|0x00000000a6200000, 0x00000000a6200000, 0x00000000a6300000|  0%| F|  |TAMS 0x00000000a6200000| PB 0x00000000a6200000| Untracked 
|  63|0x00000000a6300000, 0x00000000a6300000, 0x00000000a6400000|  0%| F|  |TAMS 0x00000000a6300000| PB 0x00000000a6300000| Untracked 
|  64|0x00000000a6400000, 0x00000000a6400000, 0x00000000a6500000|  0%| F|  |TAMS 0x00000000a6400000| PB 0x00000000a6400000| Untracked 
|  65|0x00000000a6500000, 0x00000000a6500000, 0x00000000a6600000|  0%| F|  |TAMS 0x00000000a6500000| PB 0x00000000a6500000| Untracked 
|  66|0x00000000a6600000, 0x00000000a6600000, 0x00000000a6700000|  0%| F|  |TAMS 0x00000000a6600000| PB 0x00000000a6600000| Untracked 
|  67|0x00000000a6700000, 0x00000000a6700000, 0x00000000a6800000|  0%| F|  |TAMS 0x00000000a6700000| PB 0x00000000a6700000| Untracked 
|  68|0x00000000a6800000, 0x00000000a6800000, 0x00000000a6900000|  0%| F|  |TAMS 0x00000000a6800000| PB 0x00000000a6800000| Untracked 
|  69|0x00000000a6900000, 0x00000000a6900000, 0x00000000a6a00000|  0%| F|  |TAMS 0x00000000a6900000| PB 0x00000000a6900000| Untracked 
|  70|0x00000000a6a00000, 0x00000000a6a00000, 0x00000000a6b00000|  0%| F|  |TAMS 0x00000000a6a00000| PB 0x00000000a6a00000| Untracked 
|  71|0x00000000a6b00000, 0x00000000a6b00000, 0x00000000a6c00000|  0%| F|  |TAMS 0x00000000a6b00000| PB 0x00000000a6b00000| Untracked 
|  72|0x00000000a6c00000, 0x00000000a6c00000, 0x00000000a6d00000|  0%| F|  |TAMS 0x00000000a6c00000| PB 0x00000000a6c00000| Untracked 
|  73|0x00000000a6d00000, 0x00000000a6d00000, 0x00000000a6e00000|  0%| F|  |TAMS 0x00000000a6d00000| PB 0x00000000a6d00000| Untracked 
|  74|0x00000000a6e00000, 0x00000000a6e00000, 0x00000000a6f00000|  0%| F|  |TAMS 0x00000000a6e00000| PB 0x00000000a6e00000| Untracked 
|  75|0x00000000a6f00000, 0x00000000a6f00000, 0x00000000a7000000|  0%| F|  |TAMS 0x00000000a6f00000| PB 0x00000000a6f00000| Untracked 
|  76|0x00000000a7000000, 0x00000000a7000000, 0x00000000a7100000|  0%| F|  |TAMS 0x00000000a7000000| PB 0x00000000a7000000| Untracked 
|  77|0x00000000a7100000, 0x00000000a7100000, 0x00000000a7200000|  0%| F|  |TAMS 0x00000000a7100000| PB 0x00000000a7100000| Untracked 
|  78|0x00000000a7200000, 0x00000000a7200000, 0x00000000a7300000|  0%| F|  |TAMS 0x00000000a7200000| PB 0x00000000a7200000| Untracked 
|  79|0x00000000a7300000, 0x00000000a7300000, 0x00000000a7400000|  0%| F|  |TAMS 0x00000000a7300000| PB 0x00000000a7300000| Untracked 
|  80|0x00000000a7400000, 0x00000000a74f7898, 0x00000000a7500000| 96%| E|  |TAMS 0x00000000a7400000| PB 0x00000000a7400000| Complete 
|  81|0x00000000a7500000, 0x00000000a7600000, 0x00000000a7600000|100%| E|CS|TAMS 0x00000000a7500000| PB 0x00000000a7500000| Complete 
|  82|0x00000000a7600000, 0x00000000a7700000, 0x00000000a7700000|100%| E|CS|TAMS 0x00000000a7600000| PB 0x00000000a7600000| Complete 
|  83|0x00000000a7700000, 0x00000000a7800000, 0x00000000a7800000|100%| E|CS|TAMS 0x00000000a7700000| PB 0x00000000a7700000| Complete 
|  84|0x00000000a7800000, 0x00000000a7900000, 0x00000000a7900000|100%| E|CS|TAMS 0x00000000a7800000| PB 0x00000000a7800000| Complete 
|  85|0x00000000a7900000, 0x00000000a7a00000, 0x00000000a7a00000|100%| E|CS|TAMS 0x00000000a7900000| PB 0x00000000a7900000| Complete 
|  86|0x00000000a7a00000, 0x00000000a7b00000, 0x00000000a7b00000|100%| E|  |TAMS 0x00000000a7a00000| PB 0x00000000a7a00000| Complete 
|  87|0x00000000a7b00000, 0x00000000a7c00000, 0x00000000a7c00000|100%| E|CS|TAMS 0x00000000a7b00000| PB 0x00000000a7b00000| Complete 
|  88|0x00000000a7c00000, 0x00000000a7d00000, 0x00000000a7d00000|100%| E|CS|TAMS 0x00000000a7c00000| PB 0x00000000a7c00000| Complete 
|  89|0x00000000a7d00000, 0x00000000a7e00000, 0x00000000a7e00000|100%| E|CS|TAMS 0x00000000a7d00000| PB 0x00000000a7d00000| Complete 
|  90|0x00000000a7e00000, 0x00000000a7f00000, 0x00000000a7f00000|100%| E|CS|TAMS 0x00000000a7e00000| PB 0x00000000a7e00000| Complete 
|  91|0x00000000a7f00000, 0x00000000a8000000, 0x00000000a8000000|100%| E|CS|TAMS 0x00000000a7f00000| PB 0x00000000a7f00000| Complete 
|  92|0x00000000a8000000, 0x00000000a8100000, 0x00000000a8100000|100%| E|CS|TAMS 0x00000000a8000000| PB 0x00000000a8000000| Complete 
|  93|0x00000000a8100000, 0x00000000a8200000, 0x00000000a8200000|100%| E|CS|TAMS 0x00000000a8100000| PB 0x00000000a8100000| Complete 

Card table byte_map: [0x0000025e70710000,0x0000025e70a00000] _byte_map_base: 0x0000025e701fe000

Marking Bits: (CMBitMap*) 0x0000025e56bb4d90
 Bits: [0x0000025e70a00000, 0x0000025e72170000)

Polling page: 0x0000025e60770000

Metaspace:

Usage:
  Non-class:      2.13 MB used.
      Class:    250.27 KB used.
       Both:      2.37 MB used.

Virtual space:
  Non-class space:       64.00 MB reserved,       2.19 MB (  3%) committed,  1 nodes.
      Class space:        1.00 GB reserved,     320.00 KB ( <1%) committed,  1 nodes.
             Both:        1.06 GB reserved,       2.50 MB ( <1%) committed. 

Chunk freelists:
   Non-Class:  11.14 MB
       Class:  15.59 MB
        Both:  26.73 MB

MaxMetaspaceSize: unlimited
CompressedClassSpaceSize: 1.00 GB
Initial GC threshold: 21.00 MB
Current GC threshold: 21.00 MB
CDS: on
 - commit_granule_bytes: 65536.
 - commit_granule_words: 8192.
 - virtual_space_node_default_size: 8388608.
 - enlarge_chunks_in_place: 1.
 - use_allocation_guard: 0.


Internal statistics:

num_allocs_failed_limit: 0.
num_arena_births: 102.
num_arena_deaths: 0.
num_vsnodes_births: 2.
num_vsnodes_deaths: 0.
num_space_committed: 40.
num_space_uncommitted: 0.
num_chunks_returned_to_freelist: 0.
num_chunks_taken_from_freelist: 152.
num_chunk_merges: 0.
num_chunk_splits: 105.
num_chunks_enlarged: 63.
num_inconsistent_stats: 0.

CodeHeap 'non-profiled nmethods': size=120000Kb used=260Kb max_used=260Kb free=119739Kb
 bounds [0x0000025e68260000, 0x0000025e684d0000, 0x0000025e6f790000]
CodeHeap 'profiled nmethods': size=120000Kb used=981Kb max_used=981Kb free=119018Kb
 bounds [0x0000025e60790000, 0x0000025e60a00000, 0x0000025e67cc0000]
CodeHeap 'non-nmethods': size=5760Kb used=1360Kb max_used=1373Kb free=4399Kb
 bounds [0x0000025e67cc0000, 0x0000025e67f30000, 0x0000025e68260000]
 total_blobs=1173 nmethods=709 adapters=369
 compilation: enabled
              stopped_count=0, restarted_count=0
 full_count=0

Compilation events (20 events):
Event: 0.290 Thread 0x0000025e74e39930  701       3       jdk.internal.org.objectweb.asm.ByteVector::putByteArray (49 bytes)
Event: 0.290 Thread 0x0000025e74e39930 nmethod 701 0x0000025e60881790 code [0x0000025e60881960, 0x0000025e60881c38]
Event: 0.290 Thread 0x0000025e74e39930  700       3       java.lang.invoke.InvokerBytecodeGenerator::emitPushArgument (150 bytes)
Event: 0.290 Thread 0x0000025e74e39930 nmethod 700 0x0000025e60881d90 code [0x0000025e60882080, 0x0000025e60882e68]
Event: 0.290 Thread 0x0000025e74e39930  693       3       jdk.internal.org.objectweb.asm.Frame::pop (46 bytes)
Event: 0.290 Thread 0x0000025e74e39930 nmethod 693 0x0000025e60883190 code [0x0000025e60883340, 0x0000025e608834e8]
Event: 0.290 Thread 0x0000025e74e39930  704       1       java.lang.invoke.InfoFromMemberName::getReferenceKind (5 bytes)
Event: 0.290 Thread 0x0000025e74e39930 nmethod 704 0x0000025e682a0a90 code [0x0000025e682a0c20, 0x0000025e682a0ce8]
Event: 0.292 Thread 0x0000025e74e39930  705       3       jdk.internal.org.objectweb.asm.Label::<init> (5 bytes)
Event: 0.292 Thread 0x0000025e74e39930 nmethod 705 0x0000025e60883590 code [0x0000025e60883740, 0x0000025e608838a8]
Event: 0.292 Thread 0x0000025e74e186e0  706       4       java.lang.invoke.MethodType::parameterCount (6 bytes)
Event: 0.292 Thread 0x0000025e74e39930  707       3       java.util.zip.ZipFile$Source::getEntryNext (9 bytes)
Event: 0.292 Thread 0x0000025e74e39930 nmethod 707 0x0000025e60883990 code [0x0000025e60883b40, 0x0000025e60883c80]
Event: 0.292 Thread 0x0000025e74e186e0 nmethod 706 0x0000025e682a0d90 code [0x0000025e682a0f20, 0x0000025e682a0fc0]
Event: 0.293 Thread 0x0000025e74e39930  708       3       jdk.internal.org.objectweb.asm.SymbolTable::addConstantMemberReference (147 bytes)
Event: 0.293 Thread 0x0000025e74e39930 nmethod 708 0x0000025e60883d90 code [0x0000025e60884020, 0x0000025e60884908]
Event: 0.293 Thread 0x0000025e74e39930  709       3       jdk.internal.org.objectweb.asm.SymbolTable::hash (20 bytes)
Event: 0.294 Thread 0x0000025e74e39930 nmethod 709 0x0000025e60884e10 code [0x0000025e60884fe0, 0x0000025e608851a0]
Event: 0.294 Thread 0x0000025e74e39930  710       3       java.util.ImmutableCollections$ListN::size (6 bytes)
Event: 0.294 Thread 0x0000025e74e39930 nmethod 710 0x0000025e60885310 code [0x0000025e608854a0, 0x0000025e608855b8]

GC Heap History (0 events):
No events

Dll operation events (20 events):
Event: 0.237 Loaded shared library D:\openjfx-22_windows-x64_bin-sdk\javafx-sdk-22\bin\api-ms-win-crt-environment-l1-1-0.dll
Event: 0.237 Loaded shared library D:\openjfx-22_windows-x64_bin-sdk\javafx-sdk-22\bin\api-ms-win-crt-filesystem-l1-1-0.dll
Event: 0.238 Loaded shared library D:\openjfx-22_windows-x64_bin-sdk\javafx-sdk-22\bin\api-ms-win-crt-heap-l1-1-0.dll
Event: 0.239 Loaded shared library D:\openjfx-22_windows-x64_bin-sdk\javafx-sdk-22\bin\api-ms-win-crt-locale-l1-1-0.dll
Event: 0.239 Loaded shared library D:\openjfx-22_windows-x64_bin-sdk\javafx-sdk-22\bin\api-ms-win-crt-math-l1-1-0.dll
Event: 0.240 Loaded shared library D:\openjfx-22_windows-x64_bin-sdk\javafx-sdk-22\bin\api-ms-win-crt-multibyte-l1-1-0.dll
Event: 0.241 Loaded shared library D:\openjfx-22_windows-x64_bin-sdk\javafx-sdk-22\bin\api-ms-win-crt-private-l1-1-0.dll
Event: 0.242 Loaded shared library D:\openjfx-22_windows-x64_bin-sdk\javafx-sdk-22\bin\api-ms-win-crt-process-l1-1-0.dll
Event: 0.242 Loaded shared library D:\openjfx-22_windows-x64_bin-sdk\javafx-sdk-22\bin\api-ms-win-crt-runtime-l1-1-0.dll
Event: 0.243 Loaded shared library D:\openjfx-22_windows-x64_bin-sdk\javafx-sdk-22\bin\api-ms-win-crt-stdio-l1-1-0.dll
Event: 0.244 Loaded shared library D:\openjfx-22_windows-x64_bin-sdk\javafx-sdk-22\bin\api-ms-win-crt-string-l1-1-0.dll
Event: 0.245 Loaded shared library D:\openjfx-22_windows-x64_bin-sdk\javafx-sdk-22\bin\api-ms-win-crt-time-l1-1-0.dll
Event: 0.245 Loaded shared library D:\openjfx-22_windows-x64_bin-sdk\javafx-sdk-22\bin\api-ms-win-crt-utility-l1-1-0.dll
Event: 0.249 Loaded shared library D:\openjfx-22_windows-x64_bin-sdk\javafx-sdk-22\bin\ucrtbase.dll
Event: 0.250 Loaded shared library D:\openjfx-22_windows-x64_bin-sdk\javafx-sdk-22\bin\vcruntime140.dll
Event: 0.251 Loaded shared library D:\openjfx-22_windows-x64_bin-sdk\javafx-sdk-22\bin\vcruntime140_1.dll
Event: 0.254 Loaded shared library D:\openjfx-22_windows-x64_bin-sdk\javafx-sdk-22\bin\msvcp140.dll
Event: 0.257 Loaded shared library D:\openjfx-22_windows-x64_bin-sdk\javafx-sdk-22\bin\msvcp140_1.dll
Event: 0.261 Loaded shared library D:\openjfx-22_windows-x64_bin-sdk\javafx-sdk-22\bin\msvcp140_2.dll
Event: 0.298 Loaded shared library D:\openjfx-22_windows-x64_bin-sdk\javafx-sdk-22\bin\prism_d3d.dll

Deoptimization events (20 events):
Event: 0.147 Thread 0x0000025e56b687b0 Uncommon trap: trap_request=0xffffff45 fr.pc=0x0000025e68273a54 relative=0x0000000000000214
Event: 0.147 Thread 0x0000025e56b687b0 Uncommon trap: reason=unstable_if action=reinterpret pc=0x0000025e68273a54 method=java.util.ImmutableCollections$SetN.probe(Ljava/lang/Object;)I @ 34 c2
Event: 0.147 Thread 0x0000025e56b687b0 DEOPT PACKING pc=0x0000025e68273a54 sp=0x000000ebd94fef30
Event: 0.147 Thread 0x0000025e56b687b0 DEOPT UNPACKING pc=0x0000025e67d146a2 sp=0x000000ebd94feec0 mode 2
Event: 0.151 Thread 0x0000025e56b687b0 Uncommon trap: trap_request=0xffffff45 fr.pc=0x0000025e682761d8 relative=0x00000000000005f8
Event: 0.151 Thread 0x0000025e56b687b0 Uncommon trap: reason=unstable_if action=reinterpret pc=0x0000025e682761d8 method=java.lang.StringLatin1.newString([BII)Ljava/lang/String; @ 1 c2
Event: 0.151 Thread 0x0000025e56b687b0 DEOPT PACKING pc=0x0000025e682761d8 sp=0x000000ebd94fed70
Event: 0.151 Thread 0x0000025e56b687b0 DEOPT UNPACKING pc=0x0000025e67d146a2 sp=0x000000ebd94fecd0 mode 2
Event: 0.151 Thread 0x0000025e56b687b0 Uncommon trap: trap_request=0xffffff45 fr.pc=0x0000025e68274808 relative=0x00000000000004c8
Event: 0.151 Thread 0x0000025e56b687b0 Uncommon trap: reason=unstable_if action=reinterpret pc=0x0000025e68274808 method=java.lang.StringLatin1.newString([BII)Ljava/lang/String; @ 1 c2
Event: 0.151 Thread 0x0000025e56b687b0 DEOPT PACKING pc=0x0000025e68274808 sp=0x000000ebd94fecf0
Event: 0.151 Thread 0x0000025e56b687b0 DEOPT UNPACKING pc=0x0000025e67d146a2 sp=0x000000ebd94fecd0 mode 2
Event: 0.151 Thread 0x0000025e56b687b0 Uncommon trap: trap_request=0xffffff45 fr.pc=0x0000025e6827b8a4 relative=0x0000000000000ca4
Event: 0.151 Thread 0x0000025e56b687b0 Uncommon trap: reason=unstable_if action=reinterpret pc=0x0000025e6827b8a4 method=java.util.HashMap.putVal(ILjava/lang/Object;Ljava/lang/Object;ZZ)Ljava/lang/Object; @ 81 c2
Event: 0.151 Thread 0x0000025e56b687b0 DEOPT PACKING pc=0x0000025e6827b8a4 sp=0x000000ebd94fef20
Event: 0.151 Thread 0x0000025e56b687b0 DEOPT UNPACKING pc=0x0000025e67d146a2 sp=0x000000ebd94feed0 mode 2
Event: 0.173 Thread 0x0000025e56b687b0 Uncommon trap: trap_request=0xffffff45 fr.pc=0x0000025e6826dfe0 relative=0x00000000000000c0
Event: 0.174 Thread 0x0000025e56b687b0 Uncommon trap: reason=unstable_if action=reinterpret pc=0x0000025e6826dfe0 method=java.lang.String.isLatin1()Z @ 10 c2
Event: 0.174 Thread 0x0000025e56b687b0 DEOPT PACKING pc=0x0000025e6826dfe0 sp=0x000000ebd94ff230
Event: 0.174 Thread 0x0000025e56b687b0 DEOPT UNPACKING pc=0x0000025e67d146a2 sp=0x000000ebd94ff170 mode 2

Classes loaded (20 events):
Event: 0.285 Loading class java/util/concurrent/RejectedExecutionHandler done
Event: 0.285 Loading class java/util/concurrent/ThreadPoolExecutor$AbortPolicy done
Event: 0.286 Loading class java/util/concurrent/atomic/AtomicReference
Event: 0.286 Loading class java/util/concurrent/atomic/AtomicReference done
Event: 0.286 Loading class java/util/concurrent/LinkedBlockingQueue
Event: 0.286 Loading class java/util/AbstractQueue
Event: 0.286 Loading class java/util/AbstractQueue done
Event: 0.286 Loading class java/util/concurrent/LinkedBlockingQueue done
Event: 0.286 Loading class java/util/concurrent/LinkedBlockingQueue$Node
Event: 0.286 Loading class java/util/concurrent/LinkedBlockingQueue$Node done
Event: 0.286 Loading class java/util/concurrent/Executors
Event: 0.286 Loading class java/util/concurrent/Executors done
Event: 0.286 Loading class java/util/concurrent/Executors$DefaultThreadFactory
Event: 0.286 Loading class java/util/concurrent/Executors$DefaultThreadFactory done
Event: 0.287 Loading class java/util/concurrent/ThreadPoolExecutor$Worker
Event: 0.287 Loading class java/util/concurrent/ThreadPoolExecutor$Worker done
Event: 0.287 Loading class java/lang/Thread$ThreadNumbering
Event: 0.287 Loading class java/lang/Thread$ThreadNumbering done
Event: 0.290 Loading class java/util/concurrent/locks/AbstractQueuedSynchronizer$SharedNode
Event: 0.290 Loading class java/util/concurrent/locks/AbstractQueuedSynchronizer$SharedNode done

Classes unloaded (0 events):
No events

Classes redefined (0 events):
No events

Internal exceptions (8 events):
Event: 0.079 Thread 0x0000025e56b687b0 Exception <a 'sun/nio/fs/WindowsException'{0x00000000a8041338}> (0x00000000a8041338) 
thrown [s\open\src\hotspot\share\prims\jni.cpp, line 520]
Event: 0.166 Thread 0x0000025e56b687b0 Exception <a 'java/lang/NoSuchMethodError'{0x00000000a7af5578}: 'void java.lang.invoke.DirectMethodHandle$Holder.invokeStatic(java.lang.Object, java.lang.Object, java.lang.Object)'> (0x00000000a7af5578) 
thrown [s\open\src\hotspot\share\interpreter\linkResolver.cpp, line 773]
Event: 0.170 Thread 0x0000025e56b687b0 Exception <a 'java/lang/NoSuchMethodError'{0x00000000a7956ca8}: 'java.lang.Object java.lang.invoke.Invokers$Holder.invokeExact_MT(java.lang.Object, java.lang.Object, java.lang.Object, java.lang.Object, java.lang.Object)'> (0x00000000a7956ca8) 
thrown [s\open\src\hotspot\share\interpreter\linkResolver.cpp, line 773]
Event: 0.180 Thread 0x0000025e79e7a950 Exception <a 'java/lang/NoSuchMethodError'{0x00000000a79c8290}: 'void java.lang.invoke.DirectMethodHandle$Holder.invokeStatic(java.lang.Object, java.lang.Object)'> (0x00000000a79c8290) 
thrown [s\open\src\hotspot\share\interpreter\linkResolver.cpp, line 773]
Event: 0.181 Thread 0x0000025e56b687b0 Exception <a 'java/lang/NoSuchMethodError'{0x00000000a7839720}: 'void java.lang.invoke.DirectMethodHandle$Holder.invokeStatic(java.lang.Object, java.lang.Object, java.lang.Object, java.lang.Object)'> (0x00000000a7839720) 
thrown [s\open\src\hotspot\share\interpreter\linkResolver.cpp, line 773]
Event: 0.181 Thread 0x0000025e56b687b0 Exception <a 'java/lang/NoSuchMethodError'{0x00000000a783d1a8}: 'void java.lang.invoke.DirectMethodHandle$Holder.invokeSpecial(java.lang.Object, java.lang.Object, java.lang.Object, java.lang.Object, java.lang.Object)'> (0x00000000a783d1a8) 
thrown [s\open\src\hotspot\share\interpreter\linkResolver.cpp, line 773]
Event: 0.184 Thread 0x0000025e56b687b0 Exception <a 'java/lang/NoSuchMethodError'{0x00000000a784eb88}: 'java.lang.Object java.lang.invoke.Invokers$Holder.invokeExact_MT(java.lang.Object, java.lang.Object, java.lang.Object, java.lang.Object, java.lang.Object, java.lang.Object)'> (0x00000000a784eb88) 
thrown [s\open\src\hotspot\share\interpreter\linkResolver.cpp, line 773]
Event: 0.284 Thread 0x0000025e56b687b0 Exception <a 'java/lang/NoSuchMethodError'{0x00000000a7416d80}: 'void java.lang.invoke.DirectMethodHandle$Holder.invokeSpecial(java.lang.Object, java.lang.Object, java.lang.Object)'> (0x00000000a7416d80) 
thrown [s\open\src\hotspot\share\interpreter\linkResolver.cpp, line 773]

ZGC Phase Switch (0 events):
No events

VM Operations (4 events):
Event: 0.085 Executing VM operation: HandshakeAllThreads (Deoptimize)
Event: 0.085 Executing VM operation: HandshakeAllThreads (Deoptimize) done
Event: 0.146 Executing VM operation: HandshakeAllThreads (Deoptimize)
Event: 0.146 Executing VM operation: HandshakeAllThreads (Deoptimize) done

Events (15 events):
Event: 0.030 Thread 0x0000025e56b687b0 Thread added: 0x0000025e56b687b0
Event: 0.042 Thread 0x0000025e74e0b170 Thread added: 0x0000025e74e0b170
Event: 0.042 Thread 0x0000025e74e0be90 Thread added: 0x0000025e74e0be90
Event: 0.043 Thread 0x0000025e74e0e200 Thread added: 0x0000025e74e0e200
Event: 0.043 Thread 0x0000025e74e0ec60 Thread added: 0x0000025e74e0ec60
Event: 0.043 Thread 0x0000025e74e12ea0 Thread added: 0x0000025e74e12ea0
Event: 0.043 Thread 0x0000025e74e13cb0 Thread added: 0x0000025e74e13cb0
Event: 0.043 Thread 0x0000025e74e186e0 Thread added: 0x0000025e74e186e0
Event: 0.043 Thread 0x0000025e74e39930 Thread added: 0x0000025e74e39930
Event: 0.067 Thread 0x0000025e7908b5a0 Thread added: 0x0000025e7908b5a0
Event: 0.116 Thread 0x0000025e791a9e20 Thread added: 0x0000025e791a9e20
Event: 0.118 Thread 0x0000025e791aa4d0 Thread added: 0x0000025e791aa4d0
Event: 0.173 Thread 0x0000025e79e7a950 Thread added: 0x0000025e79e7a950
Event: 0.173 Thread 0x0000025e79bf8e20 Thread added: 0x0000025e79bf8e20
Event: 0.290 Thread 0x0000025e7987a6d0 Thread added: 0x0000025e7987a6d0


Dynamic libraries:
0x00007ff742fc0000 - 0x00007ff742fd0000 	C:\Program Files\Java\jdk-21\bin\java.exe
0x00007ffe9bfd0000 - 0x00007ffe9c1e7000 	C:\WINDOWS\SYSTEM32\ntdll.dll
0x00007ffe9a090000 - 0x00007ffe9a154000 	C:\WINDOWS\System32\KERNEL32.DLL
0x00007ffe99410000 - 0x00007ffe997b7000 	C:\WINDOWS\System32\KERNELBASE.dll
0x00007ffe99bb0000 - 0x00007ffe99cc1000 	C:\WINDOWS\System32\ucrtbase.dll
0x00007ffe94030000 - 0x00007ffe94049000 	C:\Program Files\Java\jdk-21\bin\jli.dll
0x00007ffe94010000 - 0x00007ffe9402b000 	C:\Program Files\Java\jdk-21\bin\VCRUNTIME140.dll
0x00007ffe9a330000 - 0x00007ffe9a3e2000 	C:\WINDOWS\System32\ADVAPI32.dll
0x00007ffe9b1b0000 - 0x00007ffe9b257000 	C:\WINDOWS\System32\msvcrt.dll
0x00007ffe9ae70000 - 0x00007ffe9af18000 	C:\WINDOWS\System32\sechost.dll
0x00007ffe99ae0000 - 0x00007ffe99b08000 	C:\WINDOWS\System32\bcrypt.dll
0x00007ffe99f70000 - 0x00007ffe9a085000 	C:\WINDOWS\System32\RPCRT4.dll
0x00007ffe9b260000 - 0x00007ffe9b40e000 	C:\WINDOWS\System32\USER32.dll
0x00007ffe99cd0000 - 0x00007ffe99cf6000 	C:\WINDOWS\System32\win32u.dll
0x00007ffe87310000 - 0x00007ffe875a3000 	C:\WINDOWS\WinSxS\amd64_microsoft.windows.common-controls_6595b64144ccf1df_6.0.22621.3527_none_270e469b73872a76\COMCTL32.dll
0x00007ffe9a800000 - 0x00007ffe9a829000 	C:\WINDOWS\System32\GDI32.dll
0x00007ffe992f0000 - 0x00007ffe99409000 	C:\WINDOWS\System32\gdi32full.dll
0x00007ffe99b10000 - 0x00007ffe99baa000 	C:\WINDOWS\System32\msvcp_win.dll
0x00007ffe90d40000 - 0x00007ffe90d4a000 	C:\WINDOWS\SYSTEM32\VERSION.dll
0x00007ffe9a930000 - 0x00007ffe9a961000 	C:\WINDOWS\System32\IMM32.DLL
0x00007ffe78040000 - 0x00007ffe7804c000 	C:\Program Files\Java\jdk-21\bin\vcruntime140_1.dll
0x00007ffe59610000 - 0x00007ffe5969e000 	C:\Program Files\Java\jdk-21\bin\msvcp140.dll
0x00007ffde9100000 - 0x00007ffde9e13000 	C:\Program Files\Java\jdk-21\bin\server\jvm.dll
0x00007ffe9a3f0000 - 0x00007ffe9a461000 	C:\WINDOWS\System32\WS2_32.dll
0x00007ffe98170000 - 0x00007ffe981bd000 	C:\WINDOWS\SYSTEM32\POWRPROF.dll
0x00007ffe916c0000 - 0x00007ffe916f4000 	C:\WINDOWS\SYSTEM32\WINMM.dll
0x00007ffe98150000 - 0x00007ffe98163000 	C:\WINDOWS\SYSTEM32\UMPDC.dll
0x00007ffe98400000 - 0x00007ffe98418000 	C:\WINDOWS\SYSTEM32\kernel.appcore.dll
0x00007ffe773e0000 - 0x00007ffe773ea000 	C:\Program Files\Java\jdk-21\bin\jimage.dll
0x00007ffe96d40000 - 0x00007ffe96f72000 	C:\WINDOWS\SYSTEM32\DBGHELP.DLL
0x00007ffe9a470000 - 0x00007ffe9a7f8000 	C:\WINDOWS\System32\combase.dll
0x00007ffe9af50000 - 0x00007ffe9b027000 	C:\WINDOWS\System32\OLEAUT32.dll
0x00007ffe80ae0000 - 0x00007ffe80b12000 	C:\WINDOWS\SYSTEM32\dbgcore.DLL
0x00007ffe997c0000 - 0x00007ffe99839000 	C:\WINDOWS\System32\bcryptPrimitives.dll
0x00007ffe83f70000 - 0x00007ffe83f7f000 	C:\Program Files\Java\jdk-21\bin\instrument.dll
0x00007ffe6ca70000 - 0x00007ffe6ca8f000 	C:\Program Files\Java\jdk-21\bin\java.dll
0x00007ffe9b6d0000 - 0x00007ffe9bf2c000 	C:\WINDOWS\System32\SHELL32.dll
0x00007ffe97240000 - 0x00007ffe97b36000 	C:\WINDOWS\SYSTEM32\windows.storage.dll
0x00007ffe97100000 - 0x00007ffe9723e000 	C:\WINDOWS\SYSTEM32\wintypes.dll
0x00007ffe9a830000 - 0x00007ffe9a925000 	C:\WINDOWS\System32\SHCORE.dll
0x00007ffe9bf30000 - 0x00007ffe9bf8e000 	C:\WINDOWS\System32\shlwapi.dll
0x00007ffe99220000 - 0x00007ffe99241000 	C:\WINDOWS\SYSTEM32\profapi.dll
0x00007ffe35240000 - 0x00007ffe35317000 	C:\Program Files\Java\jdk-21\bin\jsvml.dll
0x00007ffe74b80000 - 0x00007ffe74b90000 	C:\Program Files\Java\jdk-21\bin\net.dll
0x00007ffe92960000 - 0x00007ffe92a96000 	C:\WINDOWS\SYSTEM32\WINHTTP.dll
0x00007ffe98870000 - 0x00007ffe988d9000 	C:\WINDOWS\system32\mswsock.dll
0x00007ffe6a960000 - 0x00007ffe6a976000 	C:\Program Files\Java\jdk-21\bin\nio.dll
0x00007ffe6a940000 - 0x00007ffe6a958000 	C:\Program Files\Java\jdk-21\bin\zip.dll
0x00007ffe6aa50000 - 0x00007ffe6aa6a000 	D:\IntelliJ IDEA 2023.3.4\bin\breakgen64.dll
0x00007ffe95790000 - 0x00007ffe95797000 	C:\Program Files\Java\jdk-21\bin\extnet.dll
0x0000025e74fe0000 - 0x0000025e74fe3000 	D:\openjfx-22_windows-x64_bin-sdk\javafx-sdk-22\bin\api-ms-win-core-console-l1-1-0.dll
0x0000025e74ff0000 - 0x0000025e74ff3000 	D:\openjfx-22_windows-x64_bin-sdk\javafx-sdk-22\bin\api-ms-win-core-console-l1-2-0.dll
0x0000025e7abd0000 - 0x0000025e7abd3000 	D:\openjfx-22_windows-x64_bin-sdk\javafx-sdk-22\bin\api-ms-win-core-datetime-l1-1-0.dll
0x0000025e7abe0000 - 0x0000025e7abe3000 	D:\openjfx-22_windows-x64_bin-sdk\javafx-sdk-22\bin\api-ms-win-core-debug-l1-1-0.dll
0x0000025e7abf0000 - 0x0000025e7abf3000 	D:\openjfx-22_windows-x64_bin-sdk\javafx-sdk-22\bin\api-ms-win-core-errorhandling-l1-1-0.dll
0x0000025e7ac00000 - 0x0000025e7ac04000 	D:\openjfx-22_windows-x64_bin-sdk\javafx-sdk-22\bin\api-ms-win-core-file-l1-1-0.dll
0x0000025e7ac10000 - 0x0000025e7ac13000 	D:\openjfx-22_windows-x64_bin-sdk\javafx-sdk-22\bin\api-ms-win-core-file-l1-2-0.dll
0x0000025e7ac20000 - 0x0000025e7ac23000 	D:\openjfx-22_windows-x64_bin-sdk\javafx-sdk-22\bin\api-ms-win-core-file-l2-1-0.dll
0x0000025e7ac30000 - 0x0000025e7ac33000 	D:\openjfx-22_windows-x64_bin-sdk\javafx-sdk-22\bin\api-ms-win-core-handle-l1-1-0.dll
0x0000025e7ac40000 - 0x0000025e7ac43000 	D:\openjfx-22_windows-x64_bin-sdk\javafx-sdk-22\bin\api-ms-win-core-heap-l1-1-0.dll
0x0000025e7ac50000 - 0x0000025e7ac53000 	D:\openjfx-22_windows-x64_bin-sdk\javafx-sdk-22\bin\api-ms-win-core-interlocked-l1-1-0.dll
0x0000025e7ac60000 - 0x0000025e7ac63000 	D:\openjfx-22_windows-x64_bin-sdk\javafx-sdk-22\bin\api-ms-win-core-libraryloader-l1-1-0.dll
0x0000025e7ac70000 - 0x0000025e7ac73000 	D:\openjfx-22_windows-x64_bin-sdk\javafx-sdk-22\bin\api-ms-win-core-localization-l1-2-0.dll
0x0000025e7ac80000 - 0x0000025e7ac83000 	D:\openjfx-22_windows-x64_bin-sdk\javafx-sdk-22\bin\api-ms-win-core-memory-l1-1-0.dll
0x0000025e7ac90000 - 0x0000025e7ac93000 	D:\openjfx-22_windows-x64_bin-sdk\javafx-sdk-22\bin\api-ms-win-core-namedpipe-l1-1-0.dll
0x0000025e7aca0000 - 0x0000025e7aca3000 	D:\openjfx-22_windows-x64_bin-sdk\javafx-sdk-22\bin\api-ms-win-core-processenvironment-l1-1-0.dll
0x0000025e7ade0000 - 0x0000025e7ade3000 	D:\openjfx-22_windows-x64_bin-sdk\javafx-sdk-22\bin\api-ms-win-core-processthreads-l1-1-0.dll
0x0000025e7adf0000 - 0x0000025e7adf3000 	D:\openjfx-22_windows-x64_bin-sdk\javafx-sdk-22\bin\api-ms-win-core-processthreads-l1-1-1.dll
0x0000025e7acb0000 - 0x0000025e7acb3000 	D:\openjfx-22_windows-x64_bin-sdk\javafx-sdk-22\bin\api-ms-win-core-profile-l1-1-0.dll
0x0000025e7acc0000 - 0x0000025e7acc3000 	D:\openjfx-22_windows-x64_bin-sdk\javafx-sdk-22\bin\api-ms-win-core-rtlsupport-l1-1-0.dll
0x0000025e7acd0000 - 0x0000025e7acd3000 	D:\openjfx-22_windows-x64_bin-sdk\javafx-sdk-22\bin\api-ms-win-core-string-l1-1-0.dll
0x0000025e7ace0000 - 0x0000025e7ace3000 	D:\openjfx-22_windows-x64_bin-sdk\javafx-sdk-22\bin\api-ms-win-core-synch-l1-1-0.dll
0x0000025e7acf0000 - 0x0000025e7acf3000 	D:\openjfx-22_windows-x64_bin-sdk\javafx-sdk-22\bin\api-ms-win-core-synch-l1-2-0.dll
0x0000025e7ad00000 - 0x0000025e7ad03000 	D:\openjfx-22_windows-x64_bin-sdk\javafx-sdk-22\bin\api-ms-win-core-sysinfo-l1-1-0.dll
0x0000025e7ad10000 - 0x0000025e7ad13000 	D:\openjfx-22_windows-x64_bin-sdk\javafx-sdk-22\bin\api-ms-win-core-timezone-l1-1-0.dll
0x0000025e7ad20000 - 0x0000025e7ad23000 	D:\openjfx-22_windows-x64_bin-sdk\javafx-sdk-22\bin\api-ms-win-core-util-l1-1-0.dll
0x0000025e7ad30000 - 0x0000025e7ad33000 	D:\openjfx-22_windows-x64_bin-sdk\javafx-sdk-22\bin\api-ms-win-crt-conio-l1-1-0.dll
0x0000025e7ad40000 - 0x0000025e7ad44000 	D:\openjfx-22_windows-x64_bin-sdk\javafx-sdk-22\bin\api-ms-win-crt-convert-l1-1-0.dll
0x0000025e7ad50000 - 0x0000025e7ad53000 	D:\openjfx-22_windows-x64_bin-sdk\javafx-sdk-22\bin\api-ms-win-crt-environment-l1-1-0.dll
0x0000025e7ad60000 - 0x0000025e7ad63000 	D:\openjfx-22_windows-x64_bin-sdk\javafx-sdk-22\bin\api-ms-win-crt-filesystem-l1-1-0.dll
0x0000025e7ad70000 - 0x0000025e7ad73000 	D:\openjfx-22_windows-x64_bin-sdk\javafx-sdk-22\bin\api-ms-win-crt-heap-l1-1-0.dll
0x0000025e7ad80000 - 0x0000025e7ad83000 	D:\openjfx-22_windows-x64_bin-sdk\javafx-sdk-22\bin\api-ms-win-crt-locale-l1-1-0.dll
0x0000025e7ad90000 - 0x0000025e7ad95000 	D:\openjfx-22_windows-x64_bin-sdk\javafx-sdk-22\bin\api-ms-win-crt-math-l1-1-0.dll
0x0000025e7ada0000 - 0x0000025e7ada5000 	D:\openjfx-22_windows-x64_bin-sdk\javafx-sdk-22\bin\api-ms-win-crt-multibyte-l1-1-0.dll
0x0000025e7adb0000 - 0x0000025e7adc0000 	D:\openjfx-22_windows-x64_bin-sdk\javafx-sdk-22\bin\api-ms-win-crt-private-l1-1-0.dll
0x0000025e7adc0000 - 0x0000025e7adc3000 	D:\openjfx-22_windows-x64_bin-sdk\javafx-sdk-22\bin\api-ms-win-crt-process-l1-1-0.dll
0x0000025e7add0000 - 0x0000025e7add4000 	D:\openjfx-22_windows-x64_bin-sdk\javafx-sdk-22\bin\api-ms-win-crt-runtime-l1-1-0.dll
0x0000025e7ae00000 - 0x0000025e7ae04000 	D:\openjfx-22_windows-x64_bin-sdk\javafx-sdk-22\bin\api-ms-win-crt-stdio-l1-1-0.dll
0x0000025e7af40000 - 0x0000025e7af44000 	D:\openjfx-22_windows-x64_bin-sdk\javafx-sdk-22\bin\api-ms-win-crt-string-l1-1-0.dll
0x0000025e7ae10000 - 0x0000025e7ae13000 	D:\openjfx-22_windows-x64_bin-sdk\javafx-sdk-22\bin\api-ms-win-crt-time-l1-1-0.dll
0x0000025e7ae20000 - 0x0000025e7ae23000 	D:\openjfx-22_windows-x64_bin-sdk\javafx-sdk-22\bin\api-ms-win-crt-utility-l1-1-0.dll
0x00007ffe61440000 - 0x00007ffe6153c000 	D:\openjfx-22_windows-x64_bin-sdk\javafx-sdk-22\bin\ucrtbase.dll
0x00007ffe67ee0000 - 0x00007ffe67efb000 	D:\openjfx-22_windows-x64_bin-sdk\javafx-sdk-22\bin\vcruntime140.dll
0x00007ffe70bc0000 - 0x00007ffe70bcc000 	D:\openjfx-22_windows-x64_bin-sdk\javafx-sdk-22\bin\vcruntime140_1.dll
0x00007ffe61870000 - 0x00007ffe618fe000 	D:\openjfx-22_windows-x64_bin-sdk\javafx-sdk-22\bin\msvcp140.dll
0x00007ffe6c140000 - 0x00007ffe6c149000 	D:\openjfx-22_windows-x64_bin-sdk\javafx-sdk-22\bin\msvcp140_1.dll
0x00007ffe62370000 - 0x00007ffe623b1000 	D:\openjfx-22_windows-x64_bin-sdk\javafx-sdk-22\bin\msvcp140_2.dll
0x00007ffe61410000 - 0x00007ffe61440000 	D:\openjfx-22_windows-x64_bin-sdk\javafx-sdk-22\bin\prism_d3d.dll
0x00007ffe77a10000 - 0x00007ffe77bb9000 	C:\WINDOWS\system32\d3d9.dll
0x00007ffe964b0000 - 0x00007ffe964db000 	C:\WINDOWS\SYSTEM32\dwmapi.dll
0x00007ffe966f0000 - 0x00007ffe96729000 	C:\WINDOWS\SYSTEM32\dxcore.dll
0x00007ffe96230000 - 0x00007ffe962db000 	C:\WINDOWS\system32\uxtheme.dll
0x00007ffe8b760000 - 0x00007ffe8b91b000 	C:\WINDOWS\System32\DriverStore\FileRepository\u0386187.inf_amd64_e45f6929dd019ce6\B385477\aticfx64.dll
0x00007ffe699f0000 - 0x00007ffe69a24000 	C:\WINDOWS\System32\DriverStore\FileRepository\u0386187.inf_amd64_e45f6929dd019ce6\B385477\atiu9p64.dll
0x00007ffe5e7a0000 - 0x00007ffe5f4f5000 	C:\WINDOWS\System32\DriverStore\FileRepository\u0386187.inf_amd64_e45f6929dd019ce6\B385477\atiumd64.dll
0x00007ffe9b470000 - 0x00007ffe9b615000 	C:\WINDOWS\System32\ole32.dll
0x00007ffe88c80000 - 0x00007ffe88cb5000 	C:\WINDOWS\SYSTEM32\amdihk64.dll
0x00007ffe91b20000 - 0x00007ffe91b6a000 	C:\WINDOWS\SYSTEM32\directxdatabasehelper.dll
0x0000000000000000 - 0x0000000000000000 	

dbghelp: loaded successfully - version: 4.0.5 - missing functions: none
symbol engine: initialized successfully - sym options: 0x614 - pdb path: .;C:\Program Files\Java\jdk-21\bin;C:\WINDOWS\SYSTEM32;C:\WINDOWS\WinSxS\amd64_microsoft.windows.common-controls_6595b64144ccf1df_6.0.22621.3527_none_270e469b73872a76;C:\Program Files\Java\jdk-21\bin\server;D:\IntelliJ IDEA 2023.3.4\bin;D:\openjfx-22_windows-x64_bin-sdk\javafx-sdk-22\bin;C:\WINDOWS\System32\DriverStore\FileRepository\u0386187.inf_amd64_e45f6929dd019ce6\B385477;C:\WINDOWS\System32\DriverStore\FileRepository\nvlt.inf_amd64_18cae871934f9f98

VM Arguments:
jvm_args: --module-path=D:\openjfx-22_windows-x64_bin-sdk\javafx-sdk-22\lib --add-modules=javafx.controls,javafx.fxml -javaagent:D:\IntelliJ IDEA 2023.3.4\lib\idea_rt.jar=63095:D:\IntelliJ IDEA 2023.3.4\bin -Dfile.encoding=UTF-8 -Dsun.stdout.encoding=UTF-8 -Dsun.stderr.encoding=UTF-8 
java_command: Controllers.App
java_class_path (initial): D:\HCMIU\Project\DSA_SodukuGame\sudokuGame\target\classes;C:\Users\Admin\.m2\repository\org\openjfx\javafx-controls\21\javafx-controls-21.jar;C:\Users\Admin\.m2\repository\org\openjfx\javafx-controls\21\javafx-controls-21-win.jar;C:\Users\Admin\.m2\repository\org\openjfx\javafx-graphics\21\javafx-graphics-21.jar;C:\Users\Admin\.m2\repository\org\openjfx\javafx-graphics\21\javafx-graphics-21-win.jar;C:\Users\Admin\.m2\repository\org\openjfx\javafx-base\21\javafx-base-21.jar;C:\Users\Admin\.m2\repository\org\openjfx\javafx-base\21\javafx-base-21-win.jar;C:\Users\Admin\.m2\repository\org\openjfx\javafx-fxml\21\javafx-fxml-21.jar;C:\Users\Admin\.m2\repository\org\openjfx\javafx-fxml\21\javafx-fxml-21-win.jar;C:\Users\Admin\.m2\repository\org\kordamp\bootstrapfx\bootstrapfx-core\0.4.0\bootstrapfx-core-0.4.0.jar
Launcher Type: SUN_STANDARD

[Global flags]
     intx CICompilerCount                          = 4                                         {product} {ergonomic}
     uint ConcGCThreads                            = 3                                         {product} {ergonomic}
     uint G1ConcRefinementThreads                  = 10                                        {product} {ergonomic}
   size_t G1HeapRegionSize                         = 1048576                                   {product} {ergonomic}
    uintx GCDrainStackTargetSize                   = 64                                        {product} {ergonomic}
   size_t InitialHeapSize                          = 98566144                                  {product} {ergonomic}
   size_t MarkStackSize                            = 4194304                                   {product} {ergonomic}
   size_t MaxHeapSize                              = 1572864000                                {product} {ergonomic}
   size_t MaxNewSize                               = 943718400                                 {product} {ergonomic}
   size_t MinHeapDeltaBytes                        = 1048576                                   {product} {ergonomic}
   size_t MinHeapSize                              = 8388608                                   {product} {ergonomic}
    uintx NonNMethodCodeHeapSize                   = 5839372                                {pd product} {ergonomic}
    uintx NonProfiledCodeHeapSize                  = 122909434                              {pd product} {ergonomic}
    uintx ProfiledCodeHeapSize                     = 122909434                              {pd product} {ergonomic}
    uintx ReservedCodeCacheSize                    = 251658240                              {pd product} {ergonomic}
     bool SegmentedCodeCache                       = true                                      {product} {ergonomic}
   size_t SoftMaxHeapSize                          = 1572864000                             {manageable} {ergonomic}
     bool UseCompressedOops                        = true                           {product lp64_product} {ergonomic}
     bool UseG1GC                                  = true                                      {product} {ergonomic}
     bool UseLargePagesIndividualAllocation        = false                                  {pd product} {ergonomic}

Logging:
Log output configuration:
 #0: stdout all=warning uptime,level,tags foldmultilines=false
 #1: stderr all=off uptime,level,tags foldmultilines=false

Environment Variables:
JAVA_HOME=C:\Program Files\Java\jdk-21
PATH=C:\Program Files\Common Files\Oracle\Java\javapath;C:\Program Files (x86)\Common Files\Oracle\Java\java8path;C:\Program Files (x86)\Common Files\Oracle\Java\javapath;C:\Windows\system32;C:\Windows;C:\Windows\System32\Wbem;C:\Windows\System32\WindowsPowerShell\v1.0\;C:\Windows\System32\OpenSSH\;C:\Program Files (x86)\NVIDIA Corporation\PhysX\Common;C:\Program Files\NVIDIA Corporation\NVIDIA NvDLISR;C:\WINDOWS\system32;C:\WINDOWS;C:\WINDOWS\System32\Wbem;C:\WINDOWS\System32\WindowsPowerShell\v1.0\;C:\WINDOWS\System32\OpenSSH\;C:\MinGW\bin;C:\mingw64\bin;C:\Program Files\Java\jdk-11.0.1\bin;C:\Program Files\Git\cmd;C:\Program Files\dotnet\;C:\Program Files (x86)\Microsoft SQL Server\160\Tools\Binn\;C:\Program Files\Microsoft SQL Server\160\Tools\Binn\;C:\Program Files\Microsoft SQL Server\Client SDK\ODBC\170\Tools\Binn\;C:\Program Files\Microsoft SQL Server\160\DTS\Binn\;C:\Program Files (x86)\Microsoft SQL Server\160\DTS\Binn\;C:\Program Files\Azure Data Studio\bin;C:\Users\Admin\AppData\Local\Programs\Python\Launcher\;C:\Users\Admin\AppData\Local\Programs\Eclipse Adoptium\jdk-17.0.8.101-hotspot\bin;C:\Users\Admin\AppData\Local\Microsoft\WindowsApps;C:\JetBrains\IntelliJ IDEA 2023.2.5\bin;;C:\Program Files\JetBrains\IntelliJ IDEA Educational Edition 2022.2.2\bin;;C:\Users\Admin\AppData\Local\GitHubDesktop\bin;C:\Users\Admin\AppData\Local\Programs\Microsoft VS Code\bin;C:\Users\Admin\.dotnet\tools;C:\Program Files\Azure Data Studio\bin
USERNAME=Admin
OS=Windows_NT
PROCESSOR_IDENTIFIER=AMD64 Family 25 Model 80 Stepping 0, AuthenticAMD
TMP=C:\Users\Admin\AppData\Local\Temp
TEMP=C:\Users\Admin\AppData\Local\Temp




---------------  S Y S T E M  ---------------

OS:
 Windows 11 , 64 bit Build 22621 (10.0.22621.3527)
OS uptime: 0 days 5:51 hours

CPU: total 12 (initial active 12) (12 cores per cpu, 2 threads per core) family 25 model 80 stepping 0 microcode 0x0, cx8, cmov, fxsr, ht, mmx, 3dnowpref, sse, sse2, sse3, ssse3, sse4a, sse4.1, sse4.2, popcnt, lzcnt, tsc, tscinvbit, avx, avx2, aes, erms, clmul, bmi1, bmi2, adx, sha, fma, vzeroupper, clflush, clflushopt, rdtscp, rdpid, fsrm, f16c, pku, cet_ss
Processor Information for all 12 processors :
  Max Mhz: 3301, Current Mhz: 3301, Mhz Limit: 3301

Memory: 4k page, system-wide physical 5996M (1158M free)
TotalPageFile size 24428M (AvailPageFile size 2M)
current process WorkingSet (physical memory assigned to process): 75M, peak: 75M
current process commit charge ("private bytes"): 202M, peak: 210M

vm_info: Java HotSpot(TM) 64-Bit Server VM (21+35-LTS-2513) for windows-amd64 JRE (21+35-LTS-2513), built on 2023-08-09T20:25:10Z by "mach5one" with MS VC++ 17.1 (VS2022)

END.
