#
# There is insufficient memory for the Java Runtime Environment to continue.
# Native memory allocation (malloc) failed to allocate 946896 bytes for Chunk::new
# Possible reasons:
#   The system is out of physical RAM or swap space
#   The process is running with CompressedOops enabled, and the Java Heap may be blocking the growth of the native heap
# Possible solutions:
#   Reduce memory load on the system
#   Increase physical memory or swap space
#   Check if swap backing store is full
#   Decrease Java heap size (-Xmx/-Xms)
#   Decrease number of Java threads
#   Decrease Java thread stack sizes (-Xss)
#   Set larger code cache with -XX:ReservedCodeCacheSize=
#   JVM is running with Unscaled Compressed Oops mode in which the Java heap is
#     placed in the first 4GB address space. The Java Heap base address is the
#     maximum limit for the native heap growth. Please use -XX:HeapBaseMinAddress
#     to set the Java Heap base and to place the Java Heap above 4GB virtual address.
# This output file may be truncated or incomplete.
#
#  Out of Memory Error (arena.cpp:166), pid=34272, tid=27864
#
# JRE version: Java(TM) SE Runtime Environment (21.0+35) (build 21+35-LTS-2513)
# Java VM: Java HotSpot(TM) 64-Bit Server VM (21+35-LTS-2513, mixed mode, sharing, tiered, compressed oops, compressed class ptrs, g1 gc, windows-amd64)
# No core dump will be written. Minidumps are not enabled by default on client versions of Windows
#

---------------  S U M M A R Y ------------

Command Line: --module-path=D:\openjfx-22_windows-x64_bin-sdk\javafx-sdk-22\lib --add-modules=javafx.controls,javafx.fxml -javaagent:D:\IntelliJ IDEA 2023.3.4\lib\idea_rt.jar=63091:D:\IntelliJ IDEA 2023.3.4\bin -Dfile.encoding=UTF-8 -Dsun.stdout.encoding=UTF-8 -Dsun.stderr.encoding=UTF-8 Controllers.App

Host: AMD Ryzen 5 5600H with Radeon Graphics         , 12 cores, 5G,  Windows 11 , 64 bit Build 22621 (10.0.22621.3527)
Time: Thu May 30 14:25:29 2024 SE Asia Standard Time elapsed time: 0.214465 seconds (0d 0h 0m 0s)

---------------  T H R E A D  ---------------

Current thread (0x00000250f861df40):  JavaThread "C2 CompilerThread0" daemon [_thread_in_native, id=27864, stack(0x000000c758600000,0x000000c758700000) (1024K)]


Current CompileTask:
C2:    214  318       4       java.util.stream.ReferencePipeline$3$1::accept (23 bytes)

Stack: [0x000000c758600000,0x000000c758700000]
Native frames: (J=compiled Java code, j=interpreted, Vv=VM code, C=native code)
V  [jvm.dll+0x6c8d39]
V  [jvm.dll+0x854091]
V  [jvm.dll+0x85630e]
V  [jvm.dll+0x8569e3]
V  [jvm.dll+0x2809a6]
V  [jvm.dll+0xc3e6d]
V  [jvm.dll+0xc4383]
V  [jvm.dll+0x2f3cbf]
V  [jvm.dll+0x5f3e46]
V  [jvm.dll+0x25291f]
V  [jvm.dll+0x252cef]
V  [jvm.dll+0x24b464]
V  [jvm.dll+0x248cd3]
V  [jvm.dll+0x1c9b91]
V  [jvm.dll+0x2583e9]
V  [jvm.dll+0x2569ca]
V  [jvm.dll+0x3eef66]
V  [jvm.dll+0x7fd2c8]
V  [jvm.dll+0x6c748d]
C  [ucrtbase.dll+0x29333]
C  [KERNEL32.DLL+0x1257d]
C  [ntdll.dll+0x5aa48]


---------------  P R O C E S S  ---------------

Threads class SMR info:
_java_thread_list=0x00000250fd0dddf0, length=14, elements={
0x00000250d9fa2710, 0x00000250f8608680, 0x00000250f86095a0, 0x00000250f860c170,
0x00000250f860f170, 0x00000250f8610be0, 0x00000250f8619780, 0x00000250f861df40,
0x00000250f861e9e0, 0x00000250f85d4ec0, 0x00000250f89a6fd0, 0x00000250f888c1e0,
0x00000250fd942590, 0x00000250fd942c00
}

Java Threads: ( => current thread )
  0x00000250d9fa2710 JavaThread "main"                              [_thread_in_Java, id=2556, stack(0x000000c757800000,0x000000c757900000) (1024K)]
  0x00000250f8608680 JavaThread "Reference Handler"          daemon [_thread_blocked, id=34052, stack(0x000000c758000000,0x000000c758100000) (1024K)]
  0x00000250f86095a0 JavaThread "Finalizer"                  daemon [_thread_blocked, id=12436, stack(0x000000c758100000,0x000000c758200000) (1024K)]
  0x00000250f860c170 JavaThread "Signal Dispatcher"          daemon [_thread_blocked, id=26964, stack(0x000000c758200000,0x000000c758300000) (1024K)]
  0x00000250f860f170 JavaThread "Attach Listener"            daemon [_thread_blocked, id=34840, stack(0x000000c758300000,0x000000c758400000) (1024K)]
  0x00000250f8610be0 JavaThread "Service Thread"             daemon [_thread_blocked, id=32580, stack(0x000000c758400000,0x000000c758500000) (1024K)]
  0x00000250f8619780 JavaThread "Monitor Deflation Thread"   daemon [_thread_blocked, id=34552, stack(0x000000c758500000,0x000000c758600000) (1024K)]
=>0x00000250f861df40 JavaThread "C2 CompilerThread0"         daemon [_thread_in_native, id=27864, stack(0x000000c758600000,0x000000c758700000) (1024K)]
  0x00000250f861e9e0 JavaThread "C1 CompilerThread0"         daemon [_thread_in_native, id=18184, stack(0x000000c758700000,0x000000c758800000) (1024K)]
  0x00000250f85d4ec0 JavaThread "Common-Cleaner"             daemon [_thread_blocked, id=17268, stack(0x000000c758800000,0x000000c758900000) (1024K)]
  0x00000250f89a6fd0 JavaThread "C2 CompilerThread1"         daemon [_thread_in_native, id=20788, stack(0x000000c758900000,0x000000c758a00000) (1024K)]
  0x00000250f888c1e0 JavaThread "C2 CompilerThread2"         daemon [_thread_blocked, id=30912, stack(0x000000c758a00000,0x000000c758b00000) (1024K)]
  0x00000250fd942590 JavaThread "Monitor Ctrl-Break"         daemon [_thread_in_native, id=676, stack(0x000000c758b00000,0x000000c758c00000) (1024K)]
  0x00000250fd942c00 JavaThread "Notification Thread"        daemon [_thread_blocked, id=13936, stack(0x000000c758c00000,0x000000c758d00000) (1024K)]
Total: 14

Other Threads:
  0x00000250f85ee1c0 VMThread "VM Thread"                           [id=34196, stack(0x000000c757f00000,0x000000c758000000) (1024K)]
  0x00000250f85d3c60 WatcherThread "VM Periodic Task Thread"        [id=26804, stack(0x000000c757e00000,0x000000c757f00000) (1024K)]
  0x00000250dc3117e0 WorkerThread "GC Thread#0"                     [id=28232, stack(0x000000c757900000,0x000000c757a00000) (1024K)]
  0x00000250dc31e400 ConcurrentGCThread "G1 Main Marker"            [id=12356, stack(0x000000c757a00000,0x000000c757b00000) (1024K)]
  0x00000250dc31ee10 WorkerThread "G1 Conc#0"                       [id=29648, stack(0x000000c757b00000,0x000000c757c00000) (1024K)]
  0x00000250dc38e580 ConcurrentGCThread "G1 Refine#0"               [id=25428, stack(0x000000c757c00000,0x000000c757d00000) (1024K)]
  0x00000250f84aa280 ConcurrentGCThread "G1 Service"                [id=4176, stack(0x000000c757d00000,0x000000c757e00000) (1024K)]
Total: 7

Threads with active compile tasks:
C2 CompilerThread0      231  318       4       java.util.stream.ReferencePipeline$3$1::accept (23 bytes)
C1 CompilerThread0      231  587       3       jdk.internal.org.objectweb.asm.SymbolTable::addConstantMemberReference (147 bytes)
Total: 2

VM state: not at safepoint (normal execution)

VM Mutex/Monitor currently owned by a thread:  ([mutex/lock_event])
[0x00007ffde9d370c8] MethodCompileQueue_lock - owner thread: 0x00000250f861e9e0
[0x00007ffde9d38448] CodeCache_lock - owner thread: 0x00000250f861e9e0
[0x00007ffde9d385c8] Compile_lock - owner thread: 0x0000000000000000

Heap address: 0x00000000a2400000, size: 1500 MB, Compressed Oops mode: 32-bit

CDS archive(s) mapped at: [0x0000025080000000-0x0000025080c90000-0x0000025080c90000), size 13172736, SharedBaseAddress: 0x0000025080000000, ArchiveRelocationMode: 1.
Compressed class space mapped at: 0x0000025081000000-0x00000250c1000000, reserved size: 1073741824
Narrow klass base: 0x0000025080000000, Narrow klass shift: 0, Narrow klass range: 0x100000000

GC Precious Log:
 CardTable entry size: 512
 Card Set container configuration: InlinePtr #cards 5 size 8 Array Of Cards #cards 12 size 40 Howl #buckets 4 coarsen threshold 1843 Howl Bitmap #cards 512 size 80 coarsen threshold 460 Card regions per heap region 1 cards per card region 2048
 CPUs: 12 total, 12 available
 Memory: 5996M
 Large Page Support: Disabled
 NUMA Support: Disabled
 Compressed Oops: Enabled (32-bit)
 Heap Region Size: 1M
 Heap Min Capacity: 8M
 Heap Initial Capacity: 94M
 Heap Max Capacity: 1500M
 Pre-touch: Disabled
 Parallel Workers: 10
 Concurrent Workers: 3
 Concurrent Refinement Workers: 10
 Periodic GC: Disabled

Heap:
 garbage-first heap   total 96256K, used 10240K [0x00000000a2400000, 0x0000000100000000)
  region size 1024K, 12 young (12288K), 0 survivors (0K)
 Metaspace       used 1823K, committed 1984K, reserved 1114112K
  class space    used 186K, committed 256K, reserved 1048576K

Heap Regions: E=young(eden), S=young(survivor), O=old, HS=humongous(starts), HC=humongous(continues), CS=collection set, F=free, TAMS=top-at-mark-start, PB=parsable bottom
|   0|0x00000000a2400000, 0x00000000a2400000, 0x00000000a2500000|  0%| F|  |TAMS 0x00000000a2400000| PB 0x00000000a2400000| Untracked 
|   1|0x00000000a2500000, 0x00000000a2500000, 0x00000000a2600000|  0%| F|  |TAMS 0x00000000a2500000| PB 0x00000000a2500000| Untracked 
|   2|0x00000000a2600000, 0x00000000a2600000, 0x00000000a2700000|  0%| F|  |TAMS 0x00000000a2600000| PB 0x00000000a2600000| Untracked 
|   3|0x00000000a2700000, 0x00000000a2700000, 0x00000000a2800000|  0%| F|  |TAMS 0x00000000a2700000| PB 0x00000000a2700000| Untracked 
|   4|0x00000000a2800000, 0x00000000a2800000, 0x00000000a2900000|  0%| F|  |TAMS 0x00000000a2800000| PB 0x00000000a2800000| Untracked 
|   5|0x00000000a2900000, 0x00000000a2900000, 0x00000000a2a00000|  0%| F|  |TAMS 0x00000000a2900000| PB 0x00000000a2900000| Untracked 
|   6|0x00000000a2a00000, 0x00000000a2a00000, 0x00000000a2b00000|  0%| F|  |TAMS 0x00000000a2a00000| PB 0x00000000a2a00000| Untracked 
|   7|0x00000000a2b00000, 0x00000000a2b00000, 0x00000000a2c00000|  0%| F|  |TAMS 0x00000000a2b00000| PB 0x00000000a2b00000| Untracked 
|   8|0x00000000a2c00000, 0x00000000a2c00000, 0x00000000a2d00000|  0%| F|  |TAMS 0x00000000a2c00000| PB 0x00000000a2c00000| Untracked 
|   9|0x00000000a2d00000, 0x00000000a2d00000, 0x00000000a2e00000|  0%| F|  |TAMS 0x00000000a2d00000| PB 0x00000000a2d00000| Untracked 
|  10|0x00000000a2e00000, 0x00000000a2e00000, 0x00000000a2f00000|  0%| F|  |TAMS 0x00000000a2e00000| PB 0x00000000a2e00000| Untracked 
|  11|0x00000000a2f00000, 0x00000000a2f00000, 0x00000000a3000000|  0%| F|  |TAMS 0x00000000a2f00000| PB 0x00000000a2f00000| Untracked 
|  12|0x00000000a3000000, 0x00000000a3000000, 0x00000000a3100000|  0%| F|  |TAMS 0x00000000a3000000| PB 0x00000000a3000000| Untracked 
|  13|0x00000000a3100000, 0x00000000a3100000, 0x00000000a3200000|  0%| F|  |TAMS 0x00000000a3100000| PB 0x00000000a3100000| Untracked 
|  14|0x00000000a3200000, 0x00000000a3200000, 0x00000000a3300000|  0%| F|  |TAMS 0x00000000a3200000| PB 0x00000000a3200000| Untracked 
|  15|0x00000000a3300000, 0x00000000a3300000, 0x00000000a3400000|  0%| F|  |TAMS 0x00000000a3300000| PB 0x00000000a3300000| Untracked 
|  16|0x00000000a3400000, 0x00000000a3400000, 0x00000000a3500000|  0%| F|  |TAMS 0x00000000a3400000| PB 0x00000000a3400000| Untracked 
|  17|0x00000000a3500000, 0x00000000a3500000, 0x00000000a3600000|  0%| F|  |TAMS 0x00000000a3500000| PB 0x00000000a3500000| Untracked 
|  18|0x00000000a3600000, 0x00000000a3600000, 0x00000000a3700000|  0%| F|  |TAMS 0x00000000a3600000| PB 0x00000000a3600000| Untracked 
|  19|0x00000000a3700000, 0x00000000a3700000, 0x00000000a3800000|  0%| F|  |TAMS 0x00000000a3700000| PB 0x00000000a3700000| Untracked 
|  20|0x00000000a3800000, 0x00000000a3800000, 0x00000000a3900000|  0%| F|  |TAMS 0x00000000a3800000| PB 0x00000000a3800000| Untracked 
|  21|0x00000000a3900000, 0x00000000a3900000, 0x00000000a3a00000|  0%| F|  |TAMS 0x00000000a3900000| PB 0x00000000a3900000| Untracked 
|  22|0x00000000a3a00000, 0x00000000a3a00000, 0x00000000a3b00000|  0%| F|  |TAMS 0x00000000a3a00000| PB 0x00000000a3a00000| Untracked 
|  23|0x00000000a3b00000, 0x00000000a3b00000, 0x00000000a3c00000|  0%| F|  |TAMS 0x00000000a3b00000| PB 0x00000000a3b00000| Untracked 
|  24|0x00000000a3c00000, 0x00000000a3c00000, 0x00000000a3d00000|  0%| F|  |TAMS 0x00000000a3c00000| PB 0x00000000a3c00000| Untracked 
|  25|0x00000000a3d00000, 0x00000000a3d00000, 0x00000000a3e00000|  0%| F|  |TAMS 0x00000000a3d00000| PB 0x00000000a3d00000| Untracked 
|  26|0x00000000a3e00000, 0x00000000a3e00000, 0x00000000a3f00000|  0%| F|  |TAMS 0x00000000a3e00000| PB 0x00000000a3e00000| Untracked 
|  27|0x00000000a3f00000, 0x00000000a3f00000, 0x00000000a4000000|  0%| F|  |TAMS 0x00000000a3f00000| PB 0x00000000a3f00000| Untracked 
|  28|0x00000000a4000000, 0x00000000a4000000, 0x00000000a4100000|  0%| F|  |TAMS 0x00000000a4000000| PB 0x00000000a4000000| Untracked 
|  29|0x00000000a4100000, 0x00000000a4100000, 0x00000000a4200000|  0%| F|  |TAMS 0x00000000a4100000| PB 0x00000000a4100000| Untracked 
|  30|0x00000000a4200000, 0x00000000a4200000, 0x00000000a4300000|  0%| F|  |TAMS 0x00000000a4200000| PB 0x00000000a4200000| Untracked 
|  31|0x00000000a4300000, 0x00000000a4300000, 0x00000000a4400000|  0%| F|  |TAMS 0x00000000a4300000| PB 0x00000000a4300000| Untracked 
|  32|0x00000000a4400000, 0x00000000a4400000, 0x00000000a4500000|  0%| F|  |TAMS 0x00000000a4400000| PB 0x00000000a4400000| Untracked 
|  33|0x00000000a4500000, 0x00000000a4500000, 0x00000000a4600000|  0%| F|  |TAMS 0x00000000a4500000| PB 0x00000000a4500000| Untracked 
|  34|0x00000000a4600000, 0x00000000a4600000, 0x00000000a4700000|  0%| F|  |TAMS 0x00000000a4600000| PB 0x00000000a4600000| Untracked 
|  35|0x00000000a4700000, 0x00000000a4700000, 0x00000000a4800000|  0%| F|  |TAMS 0x00000000a4700000| PB 0x00000000a4700000| Untracked 
|  36|0x00000000a4800000, 0x00000000a4800000, 0x00000000a4900000|  0%| F|  |TAMS 0x00000000a4800000| PB 0x00000000a4800000| Untracked 
|  37|0x00000000a4900000, 0x00000000a4900000, 0x00000000a4a00000|  0%| F|  |TAMS 0x00000000a4900000| PB 0x00000000a4900000| Untracked 
|  38|0x00000000a4a00000, 0x00000000a4a00000, 0x00000000a4b00000|  0%| F|  |TAMS 0x00000000a4a00000| PB 0x00000000a4a00000| Untracked 
|  39|0x00000000a4b00000, 0x00000000a4b00000, 0x00000000a4c00000|  0%| F|  |TAMS 0x00000000a4b00000| PB 0x00000000a4b00000| Untracked 
|  40|0x00000000a4c00000, 0x00000000a4c00000, 0x00000000a4d00000|  0%| F|  |TAMS 0x00000000a4c00000| PB 0x00000000a4c00000| Untracked 
|  41|0x00000000a4d00000, 0x00000000a4d00000, 0x00000000a4e00000|  0%| F|  |TAMS 0x00000000a4d00000| PB 0x00000000a4d00000| Untracked 
|  42|0x00000000a4e00000, 0x00000000a4e00000, 0x00000000a4f00000|  0%| F|  |TAMS 0x00000000a4e00000| PB 0x00000000a4e00000| Untracked 
|  43|0x00000000a4f00000, 0x00000000a4f00000, 0x00000000a5000000|  0%| F|  |TAMS 0x00000000a4f00000| PB 0x00000000a4f00000| Untracked 
|  44|0x00000000a5000000, 0x00000000a5000000, 0x00000000a5100000|  0%| F|  |TAMS 0x00000000a5000000| PB 0x00000000a5000000| Untracked 
|  45|0x00000000a5100000, 0x00000000a5100000, 0x00000000a5200000|  0%| F|  |TAMS 0x00000000a5100000| PB 0x00000000a5100000| Untracked 
|  46|0x00000000a5200000, 0x00000000a5200000, 0x00000000a5300000|  0%| F|  |TAMS 0x00000000a5200000| PB 0x00000000a5200000| Untracked 
|  47|0x00000000a5300000, 0x00000000a5300000, 0x00000000a5400000|  0%| F|  |TAMS 0x00000000a5300000| PB 0x00000000a5300000| Untracked 
|  48|0x00000000a5400000, 0x00000000a5400000, 0x00000000a5500000|  0%| F|  |TAMS 0x00000000a5400000| PB 0x00000000a5400000| Untracked 
|  49|0x00000000a5500000, 0x00000000a5500000, 0x00000000a5600000|  0%| F|  |TAMS 0x00000000a5500000| PB 0x00000000a5500000| Untracked 
|  50|0x00000000a5600000, 0x00000000a5600000, 0x00000000a5700000|  0%| F|  |TAMS 0x00000000a5600000| PB 0x00000000a5600000| Untracked 
|  51|0x00000000a5700000, 0x00000000a5700000, 0x00000000a5800000|  0%| F|  |TAMS 0x00000000a5700000| PB 0x00000000a5700000| Untracked 
|  52|0x00000000a5800000, 0x00000000a5800000, 0x00000000a5900000|  0%| F|  |TAMS 0x00000000a5800000| PB 0x00000000a5800000| Untracked 
|  53|0x00000000a5900000, 0x00000000a5900000, 0x00000000a5a00000|  0%| F|  |TAMS 0x00000000a5900000| PB 0x00000000a5900000| Untracked 
|  54|0x00000000a5a00000, 0x00000000a5a00000, 0x00000000a5b00000|  0%| F|  |TAMS 0x00000000a5a00000| PB 0x00000000a5a00000| Untracked 
|  55|0x00000000a5b00000, 0x00000000a5b00000, 0x00000000a5c00000|  0%| F|  |TAMS 0x00000000a5b00000| PB 0x00000000a5b00000| Untracked 
|  56|0x00000000a5c00000, 0x00000000a5c00000, 0x00000000a5d00000|  0%| F|  |TAMS 0x00000000a5c00000| PB 0x00000000a5c00000| Untracked 
|  57|0x00000000a5d00000, 0x00000000a5d00000, 0x00000000a5e00000|  0%| F|  |TAMS 0x00000000a5d00000| PB 0x00000000a5d00000| Untracked 
|  58|0x00000000a5e00000, 0x00000000a5e00000, 0x00000000a5f00000|  0%| F|  |TAMS 0x00000000a5e00000| PB 0x00000000a5e00000| Untracked 
|  59|0x00000000a5f00000, 0x00000000a5f00000, 0x00000000a6000000|  0%| F|  |TAMS 0x00000000a5f00000| PB 0x00000000a5f00000| Untracked 
|  60|0x00000000a6000000, 0x00000000a6000000, 0x00000000a6100000|  0%| F|  |TAMS 0x00000000a6000000| PB 0x00000000a6000000| Untracked 
|  61|0x00000000a6100000, 0x00000000a6100000, 0x00000000a6200000|  0%| F|  |TAMS 0x00000000a6100000| PB 0x00000000a6100000| Untracked 
|  62|0x00000000a6200000, 0x00000000a6200000, 0x00000000a6300000|  0%| F|  |TAMS 0x00000000a6200000| PB 0x00000000a6200000| Untracked 
|  63|0x00000000a6300000, 0x00000000a6300000, 0x00000000a6400000|  0%| F|  |TAMS 0x00000000a6300000| PB 0x00000000a6300000| Untracked 
|  64|0x00000000a6400000, 0x00000000a6400000, 0x00000000a6500000|  0%| F|  |TAMS 0x00000000a6400000| PB 0x00000000a6400000| Untracked 
|  65|0x00000000a6500000, 0x00000000a6500000, 0x00000000a6600000|  0%| F|  |TAMS 0x00000000a6500000| PB 0x00000000a6500000| Untracked 
|  66|0x00000000a6600000, 0x00000000a6600000, 0x00000000a6700000|  0%| F|  |TAMS 0x00000000a6600000| PB 0x00000000a6600000| Untracked 
|  67|0x00000000a6700000, 0x00000000a6700000, 0x00000000a6800000|  0%| F|  |TAMS 0x00000000a6700000| PB 0x00000000a6700000| Untracked 
|  68|0x00000000a6800000, 0x00000000a6800000, 0x00000000a6900000|  0%| F|  |TAMS 0x00000000a6800000| PB 0x00000000a6800000| Untracked 
|  69|0x00000000a6900000, 0x00000000a6900000, 0x00000000a6a00000|  0%| F|  |TAMS 0x00000000a6900000| PB 0x00000000a6900000| Untracked 
|  70|0x00000000a6a00000, 0x00000000a6a00000, 0x00000000a6b00000|  0%| F|  |TAMS 0x00000000a6a00000| PB 0x00000000a6a00000| Untracked 
|  71|0x00000000a6b00000, 0x00000000a6b00000, 0x00000000a6c00000|  0%| F|  |TAMS 0x00000000a6b00000| PB 0x00000000a6b00000| Untracked 
|  72|0x00000000a6c00000, 0x00000000a6c00000, 0x00000000a6d00000|  0%| F|  |TAMS 0x00000000a6c00000| PB 0x00000000a6c00000| Untracked 
|  73|0x00000000a6d00000, 0x00000000a6d00000, 0x00000000a6e00000|  0%| F|  |TAMS 0x00000000a6d00000| PB 0x00000000a6d00000| Untracked 
|  74|0x00000000a6e00000, 0x00000000a6e00000, 0x00000000a6f00000|  0%| F|  |TAMS 0x00000000a6e00000| PB 0x00000000a6e00000| Untracked 
|  75|0x00000000a6f00000, 0x00000000a6f00000, 0x00000000a7000000|  0%| F|  |TAMS 0x00000000a6f00000| PB 0x00000000a6f00000| Untracked 
|  76|0x00000000a7000000, 0x00000000a7000000, 0x00000000a7100000|  0%| F|  |TAMS 0x00000000a7000000| PB 0x00000000a7000000| Untracked 
|  77|0x00000000a7100000, 0x00000000a7100000, 0x00000000a7200000|  0%| F|  |TAMS 0x00000000a7100000| PB 0x00000000a7100000| Untracked 
|  78|0x00000000a7200000, 0x00000000a7200000, 0x00000000a7300000|  0%| F|  |TAMS 0x00000000a7200000| PB 0x00000000a7200000| Untracked 
|  79|0x00000000a7300000, 0x00000000a7300000, 0x00000000a7400000|  0%| F|  |TAMS 0x00000000a7300000| PB 0x00000000a7300000| Untracked 
|  80|0x00000000a7400000, 0x00000000a7400000, 0x00000000a7500000|  0%| F|  |TAMS 0x00000000a7400000| PB 0x00000000a7400000| Untracked 
|  81|0x00000000a7500000, 0x00000000a7500000, 0x00000000a7600000|  0%| F|  |TAMS 0x00000000a7500000| PB 0x00000000a7500000| Untracked 
|  82|0x00000000a7600000, 0x00000000a7676480, 0x00000000a7700000| 46%| E|  |TAMS 0x00000000a7600000| PB 0x00000000a7600000| Complete 
|  83|0x00000000a7700000, 0x00000000a7800000, 0x00000000a7800000|100%| E|CS|TAMS 0x00000000a7700000| PB 0x00000000a7700000| Complete 
|  84|0x00000000a7800000, 0x00000000a7900000, 0x00000000a7900000|100%| E|CS|TAMS 0x00000000a7800000| PB 0x00000000a7800000| Complete 
|  85|0x00000000a7900000, 0x00000000a7a00000, 0x00000000a7a00000|100%| E|CS|TAMS 0x00000000a7900000| PB 0x00000000a7900000| Complete 
|  86|0x00000000a7a00000, 0x00000000a7b00000, 0x00000000a7b00000|100%| E|  |TAMS 0x00000000a7a00000| PB 0x00000000a7a00000| Complete 
|  87|0x00000000a7b00000, 0x00000000a7c00000, 0x00000000a7c00000|100%| E|CS|TAMS 0x00000000a7b00000| PB 0x00000000a7b00000| Complete 
|  88|0x00000000a7c00000, 0x00000000a7d00000, 0x00000000a7d00000|100%| E|CS|TAMS 0x00000000a7c00000| PB 0x00000000a7c00000| Complete 
|  89|0x00000000a7d00000, 0x00000000a7e00000, 0x00000000a7e00000|100%| E|CS|TAMS 0x00000000a7d00000| PB 0x00000000a7d00000| Complete 
|  90|0x00000000a7e00000, 0x00000000a7f00000, 0x00000000a7f00000|100%| E|CS|TAMS 0x00000000a7e00000| PB 0x00000000a7e00000| Complete 
|  91|0x00000000a7f00000, 0x00000000a8000000, 0x00000000a8000000|100%| E|CS|TAMS 0x00000000a7f00000| PB 0x00000000a7f00000| Complete 
|  92|0x00000000a8000000, 0x00000000a8100000, 0x00000000a8100000|100%| E|CS|TAMS 0x00000000a8000000| PB 0x00000000a8000000| Complete 
|  93|0x00000000a8100000, 0x00000000a8200000, 0x00000000a8200000|100%| E|CS|TAMS 0x00000000a8100000| PB 0x00000000a8100000| Complete 

Card table byte_map: [0x00000250f3f70000,0x00000250f4260000] _byte_map_base: 0x00000250f3a5e000

Marking Bits: (CMBitMap*) 0x00000250dc311df0
 Bits: [0x00000250f4260000, 0x00000250f59d0000)

Polling page: 0x00000250da250000

Metaspace:

Usage:
  Non-class:      1.61 MB used.
      Class:    188.15 KB used.
       Both:      1.79 MB used.

Virtual space:
  Non-class space:       64.00 MB reserved,       1.69 MB (  3%) committed,  1 nodes.
      Class space:        1.00 GB reserved,     256.00 KB ( <1%) committed,  1 nodes.
             Both:        1.06 GB reserved,       1.94 MB ( <1%) committed. 

Chunk freelists:
   Non-Class:  11.50 MB
       Class:  15.63 MB
        Both:  27.14 MB

MaxMetaspaceSize: unlimited
CompressedClassSpaceSize: 1.00 GB
Initial GC threshold: 21.00 MB
Current GC threshold: 21.00 MB
CDS: on
 - commit_granule_bytes: 65536.
 - commit_granule_words: 8192.
 - virtual_space_node_default_size: 8388608.
 - enlarge_chunks_in_place: 1.
 - use_allocation_guard: 0.


Internal statistics:

num_allocs_failed_limit: 0.
num_arena_births: 86.
num_arena_deaths: 0.
num_vsnodes_births: 2.
num_vsnodes_deaths: 0.
num_space_committed: 31.
num_space_uncommitted: 0.
num_chunks_returned_to_freelist: 0.
num_chunks_taken_from_freelist: 119.
num_chunk_merges: 0.
num_chunk_splits: 81.
num_chunks_enlarged: 43.
num_inconsistent_stats: 0.

CodeHeap 'non-profiled nmethods': size=120000Kb used=227Kb max_used=227Kb free=119772Kb
 bounds [0x00000250ec1f0000, 0x00000250ec460000, 0x00000250f3720000]
CodeHeap 'profiled nmethods': size=120000Kb used=811Kb max_used=811Kb free=119188Kb
 bounds [0x00000250e4720000, 0x00000250e4990000, 0x00000250ebc50000]
CodeHeap 'non-nmethods': size=5760Kb used=1325Kb max_used=1339Kb free=4434Kb
 bounds [0x00000250ebc50000, 0x00000250ebec0000, 0x00000250ec1f0000]
 total_blobs=1034 nmethods=598 adapters=341
 compilation: enabled
              stopped_count=0, restarted_count=0
 full_count=0

Compilation events (20 events):
Event: 0.207 Thread 0x00000250f861e9e0 nmethod 505 0x00000250e47c9d10 code [0x00000250e47c9f40, 0x00000250e47ca550]
Event: 0.207 Thread 0x00000250f861e9e0  507       3       jdk.internal.misc.Unsafe::putReferenceRelease (9 bytes)
Event: 0.207 Thread 0x00000250f861e9e0 nmethod 507 0x00000250e47ca890 code [0x00000250e47caa20, 0x00000250e47cab80]
Event: 0.207 Thread 0x00000250f861e9e0  508       3       java.util.concurrent.ConcurrentHashMap::setTabAt (20 bytes)
Event: 0.208 Thread 0x00000250f861e9e0 nmethod 508 0x00000250e47cac10 code [0x00000250e47cadc0, 0x00000250e47cafd0]
Event: 0.208 Thread 0x00000250f861e9e0  509       3       java.lang.Class::getName (18 bytes)
Event: 0.208 Thread 0x00000250f861e9e0 nmethod 509 0x00000250e47cb090 code [0x00000250e47cb240, 0x00000250e47cb3d8]
Event: 0.208 Thread 0x00000250f861e9e0  510       1       java.security.CodeSource::getLocationNoFragString (5 bytes)
Event: 0.208 Thread 0x00000250f861e9e0 nmethod 510 0x00000250ec21ee10 code [0x00000250ec21efa0, 0x00000250ec21f068]
Event: 0.209 Thread 0x00000250f861e9e0  511       3       java.lang.String::lastIndexOf (12 bytes)
Event: 0.209 Thread 0x00000250f861e9e0 nmethod 511 0x00000250e47cb490 code [0x00000250e47cb680, 0x00000250e47cba90]
Event: 0.209 Thread 0x00000250f861e9e0  513       3       java.lang.String::lastIndexOf (29 bytes)
Event: 0.209 Thread 0x00000250f861e9e0 nmethod 513 0x00000250e47cbc10 code [0x00000250e47cbde0, 0x00000250e47cc090]
Event: 0.209 Thread 0x00000250f861e9e0  512   !   3       java.util.WeakHashMap::expungeStaleEntries (139 bytes)
Event: 0.210 Thread 0x00000250f861e9e0 nmethod 512 0x00000250e47cc190 code [0x00000250e47cc3a0, 0x00000250e47ccc30]
Event: 0.211 Thread 0x00000250f861e9e0  514       1       java.lang.invoke.DirectMethodHandle::internalMemberName (5 bytes)
Event: 0.211 Thread 0x00000250f861e9e0 nmethod 514 0x00000250ec21f110 code [0x00000250ec21f2a0, 0x00000250ec21f368]
Event: 0.213 Thread 0x00000250f861e9e0  515       3       java.util.WeakHashMap::maskNull (12 bytes)
Event: 0.213 Thread 0x00000250f861e9e0 nmethod 515 0x00000250e47cd010 code [0x00000250e47cd1a0, 0x00000250e47cd2e8]
Event: 0.213 Thread 0x00000250f861e9e0  516       3       java.util.WeakHashMap::hash (28 bytes)

GC Heap History (0 events):
No events

Dll operation events (9 events):
Event: 0.010 Loaded shared library C:\Program Files\Java\jdk-21\bin\java.dll
Event: 0.045 Loaded shared library C:\Program Files\Java\jdk-21\bin\jsvml.dll
Event: 0.077 Loaded shared library C:\Program Files\Java\jdk-21\bin\net.dll
Event: 0.079 Loaded shared library C:\Program Files\Java\jdk-21\bin\nio.dll
Event: 0.085 Loaded shared library C:\Program Files\Java\jdk-21\bin\zip.dll
Event: 0.163 Loaded shared library C:\Program Files\Java\jdk-21\bin\zip.dll
Event: 0.166 Loaded shared library C:\Program Files\Java\jdk-21\bin\instrument.dll
Event: 0.186 Loaded shared library D:\IntelliJ IDEA 2023.3.4\bin\breakgen64.dll
Event: 0.193 Loaded shared library C:\Program Files\Java\jdk-21\bin\extnet.dll

Deoptimization events (20 events):
Event: 0.158 Thread 0x00000250d9fa2710 Uncommon trap: trap_request=0xffffff45 fr.pc=0x00000250ec203c58 relative=0x00000000000005f8
Event: 0.158 Thread 0x00000250d9fa2710 Uncommon trap: reason=unstable_if action=reinterpret pc=0x00000250ec203c58 method=java.lang.StringLatin1.newString([BII)Ljava/lang/String; @ 1 c2
Event: 0.158 Thread 0x00000250d9fa2710 DEOPT PACKING pc=0x00000250ec203c58 sp=0x000000c7578fedc0
Event: 0.158 Thread 0x00000250d9fa2710 DEOPT UNPACKING pc=0x00000250ebca46a2 sp=0x000000c7578fed20 mode 2
Event: 0.159 Thread 0x00000250d9fa2710 Uncommon trap: trap_request=0xffffff45 fr.pc=0x00000250ec204708 relative=0x00000000000004c8
Event: 0.159 Thread 0x00000250d9fa2710 Uncommon trap: reason=unstable_if action=reinterpret pc=0x00000250ec204708 method=java.lang.StringLatin1.newString([BII)Ljava/lang/String; @ 1 c2
Event: 0.159 Thread 0x00000250d9fa2710 DEOPT PACKING pc=0x00000250ec204708 sp=0x000000c7578fed40
Event: 0.159 Thread 0x00000250d9fa2710 DEOPT UNPACKING pc=0x00000250ebca46a2 sp=0x000000c7578fed20 mode 2
Event: 0.159 Thread 0x00000250d9fa2710 Uncommon trap: trap_request=0xffffff45 fr.pc=0x00000250ec209fa4 relative=0x0000000000000ca4
Event: 0.159 Thread 0x00000250d9fa2710 Uncommon trap: reason=unstable_if action=reinterpret pc=0x00000250ec209fa4 method=java.util.HashMap.putVal(ILjava/lang/Object;Ljava/lang/Object;ZZ)Ljava/lang/Object; @ 81 c2
Event: 0.159 Thread 0x00000250d9fa2710 DEOPT PACKING pc=0x00000250ec209fa4 sp=0x000000c7578fefc0
Event: 0.159 Thread 0x00000250d9fa2710 DEOPT UNPACKING pc=0x00000250ebca46a2 sp=0x000000c7578fef70 mode 2
Event: 0.187 Thread 0x00000250d9fa2710 Uncommon trap: trap_request=0xffffff45 fr.pc=0x00000250ec1f940c relative=0x000000000000006c
Event: 0.187 Thread 0x00000250d9fa2710 Uncommon trap: reason=unstable_if action=reinterpret pc=0x00000250ec1f940c method=java.lang.String.isLatin1()Z @ 10 c2
Event: 0.187 Thread 0x00000250d9fa2710 DEOPT PACKING pc=0x00000250ec1f940c sp=0x000000c7578fe760
Event: 0.187 Thread 0x00000250d9fa2710 DEOPT UNPACKING pc=0x00000250ebca46a2 sp=0x000000c7578fe6f0 mode 2
Event: 0.187 Thread 0x00000250d9fa2710 Uncommon trap: trap_request=0xffffff45 fr.pc=0x00000250ec1fdce0 relative=0x00000000000000c0
Event: 0.187 Thread 0x00000250d9fa2710 Uncommon trap: reason=unstable_if action=reinterpret pc=0x00000250ec1fdce0 method=java.lang.String.isLatin1()Z @ 10 c2
Event: 0.187 Thread 0x00000250d9fa2710 DEOPT PACKING pc=0x00000250ec1fdce0 sp=0x000000c7578ff280
Event: 0.187 Thread 0x00000250d9fa2710 DEOPT UNPACKING pc=0x00000250ebca46a2 sp=0x000000c7578ff1c0 mode 2

Classes loaded (20 events):
Event: 0.198 Loading class sun/nio/ch/NioSocketImpl$1 done
Event: 0.198 Loading class sun/nio/cs/StreamDecoder
Event: 0.198 Loading class sun/nio/cs/StreamDecoder done
Event: 0.198 Loading class sun/nio/cs/US_ASCII$Decoder
Event: 0.199 Loading class sun/nio/cs/US_ASCII$Decoder done
Event: 0.199 Loading class sun/nio/ch/Util
Event: 0.199 Loading class sun/nio/ch/Util done
Event: 0.199 Loading class sun/nio/ch/Util$1
Event: 0.199 Loading class sun/nio/ch/Util$1 done
Event: 0.199 Loading class sun/nio/ch/Util$BufferCache
Event: 0.199 Loading class sun/nio/ch/Util$BufferCache done
Event: 0.199 Loading class java/nio/DirectByteBuffer$Deallocator
Event: 0.199 Loading class java/nio/DirectByteBuffer$Deallocator done
Event: 0.202 Loading class java/lang/SecurityException
Event: 0.202 Loading class java/lang/SecurityException done
Event: 0.202 Loading class java/util/concurrent/CopyOnWriteArraySet
Event: 0.203 Loading class java/util/concurrent/CopyOnWriteArraySet done
Event: 0.211 Loading class java/lang/UnsupportedOperationException
Event: 0.211 Loading class java/lang/UnsupportedOperationException done
Event: 0.213 Loading class java/lang/AssertionError

Classes unloaded (0 events):
No events

Classes redefined (0 events):
No events

Internal exceptions (7 events):
Event: 0.081 Thread 0x00000250d9fa2710 Exception <a 'sun/nio/fs/WindowsException'{0x00000000a8041338}> (0x00000000a8041338) 
thrown [s\open\src\hotspot\share\prims\jni.cpp, line 520]
Event: 0.179 Thread 0x00000250d9fa2710 Exception <a 'java/lang/NoSuchMethodError'{0x00000000a7af5308}: 'void java.lang.invoke.DirectMethodHandle$Holder.invokeStatic(java.lang.Object, java.lang.Object, java.lang.Object)'> (0x00000000a7af5308) 
thrown [s\open\src\hotspot\share\interpreter\linkResolver.cpp, line 773]
Event: 0.182 Thread 0x00000250d9fa2710 Exception <a 'java/lang/NoSuchMethodError'{0x00000000a7956b98}: 'java.lang.Object java.lang.invoke.Invokers$Holder.invokeExact_MT(java.lang.Object, java.lang.Object, java.lang.Object, java.lang.Object, java.lang.Object)'> (0x00000000a7956b98) 
thrown [s\open\src\hotspot\share\interpreter\linkResolver.cpp, line 773]
Event: 0.194 Thread 0x00000250fd942590 Exception <a 'java/lang/NoSuchMethodError'{0x00000000a79c85d0}: 'void java.lang.invoke.DirectMethodHandle$Holder.invokeStatic(java.lang.Object, java.lang.Object)'> (0x00000000a79c85d0) 
thrown [s\open\src\hotspot\share\interpreter\linkResolver.cpp, line 773]
Event: 0.194 Thread 0x00000250d9fa2710 Exception <a 'java/lang/NoSuchMethodError'{0x00000000a7839720}: 'void java.lang.invoke.DirectMethodHandle$Holder.invokeStatic(java.lang.Object, java.lang.Object, java.lang.Object, java.lang.Object)'> (0x00000000a7839720) 
thrown [s\open\src\hotspot\share\interpreter\linkResolver.cpp, line 773]
Event: 0.194 Thread 0x00000250d9fa2710 Exception <a 'java/lang/NoSuchMethodError'{0x00000000a783d1a8}: 'void java.lang.invoke.DirectMethodHandle$Holder.invokeSpecial(java.lang.Object, java.lang.Object, java.lang.Object, java.lang.Object, java.lang.Object)'> (0x00000000a783d1a8) 
thrown [s\open\src\hotspot\share\interpreter\linkResolver.cpp, line 773]
Event: 0.196 Thread 0x00000250d9fa2710 Exception <a 'java/lang/NoSuchMethodError'{0x00000000a784eb88}: 'java.lang.Object java.lang.invoke.Invokers$Holder.invokeExact_MT(java.lang.Object, java.lang.Object, java.lang.Object, java.lang.Object, java.lang.Object, java.lang.Object)'> (0x00000000a784eb88) 
thrown [s\open\src\hotspot\share\interpreter\linkResolver.cpp, line 773]

ZGC Phase Switch (0 events):
No events

VM Operations (4 events):
Event: 0.087 Executing VM operation: HandshakeAllThreads (Deoptimize)
Event: 0.087 Executing VM operation: HandshakeAllThreads (Deoptimize) done
Event: 0.154 Executing VM operation: HandshakeAllThreads (Deoptimize)
Event: 0.154 Executing VM operation: HandshakeAllThreads (Deoptimize) done

Events (14 events):
Event: 0.029 Thread 0x00000250d9fa2710 Thread added: 0x00000250d9fa2710
Event: 0.043 Thread 0x00000250f8608680 Thread added: 0x00000250f8608680
Event: 0.043 Thread 0x00000250f86095a0 Thread added: 0x00000250f86095a0
Event: 0.043 Thread 0x00000250f860c170 Thread added: 0x00000250f860c170
Event: 0.043 Thread 0x00000250f860f170 Thread added: 0x00000250f860f170
Event: 0.043 Thread 0x00000250f8610be0 Thread added: 0x00000250f8610be0
Event: 0.043 Thread 0x00000250f8619780 Thread added: 0x00000250f8619780
Event: 0.044 Thread 0x00000250f861df40 Thread added: 0x00000250f861df40
Event: 0.044 Thread 0x00000250f861e9e0 Thread added: 0x00000250f861e9e0
Event: 0.066 Thread 0x00000250f85d4ec0 Thread added: 0x00000250f85d4ec0
Event: 0.120 Thread 0x00000250f89a6fd0 Thread added: 0x00000250f89a6fd0
Event: 0.127 Thread 0x00000250f888c1e0 Thread added: 0x00000250f888c1e0
Event: 0.186 Thread 0x00000250fd942590 Thread added: 0x00000250fd942590
Event: 0.186 Thread 0x00000250fd942c00 Thread added: 0x00000250fd942c00


Dynamic libraries:
0x00007ff742fc0000 - 0x00007ff742fd0000 	C:\Program Files\Java\jdk-21\bin\java.exe
0x00007ffe9bfd0000 - 0x00007ffe9c1e7000 	C:\WINDOWS\SYSTEM32\ntdll.dll
0x00007ffe9a090000 - 0x00007ffe9a154000 	C:\WINDOWS\System32\KERNEL32.DLL
0x00007ffe99410000 - 0x00007ffe997b7000 	C:\WINDOWS\System32\KERNELBASE.dll
0x00007ffe99bb0000 - 0x00007ffe99cc1000 	C:\WINDOWS\System32\ucrtbase.dll
0x00007ffe94030000 - 0x00007ffe94049000 	C:\Program Files\Java\jdk-21\bin\jli.dll
0x00007ffe94010000 - 0x00007ffe9402b000 	C:\Program Files\Java\jdk-21\bin\VCRUNTIME140.dll
0x00007ffe9a330000 - 0x00007ffe9a3e2000 	C:\WINDOWS\System32\ADVAPI32.dll
0x00007ffe9b1b0000 - 0x00007ffe9b257000 	C:\WINDOWS\System32\msvcrt.dll
0x00007ffe9ae70000 - 0x00007ffe9af18000 	C:\WINDOWS\System32\sechost.dll
0x00007ffe99ae0000 - 0x00007ffe99b08000 	C:\WINDOWS\System32\bcrypt.dll
0x00007ffe99f70000 - 0x00007ffe9a085000 	C:\WINDOWS\System32\RPCRT4.dll
0x00007ffe9b260000 - 0x00007ffe9b40e000 	C:\WINDOWS\System32\USER32.dll
0x00007ffe99cd0000 - 0x00007ffe99cf6000 	C:\WINDOWS\System32\win32u.dll
0x00007ffe87310000 - 0x00007ffe875a3000 	C:\WINDOWS\WinSxS\amd64_microsoft.windows.common-controls_6595b64144ccf1df_6.0.22621.3527_none_270e469b73872a76\COMCTL32.dll
0x00007ffe9a800000 - 0x00007ffe9a829000 	C:\WINDOWS\System32\GDI32.dll
0x00007ffe992f0000 - 0x00007ffe99409000 	C:\WINDOWS\System32\gdi32full.dll
0x00007ffe99b10000 - 0x00007ffe99baa000 	C:\WINDOWS\System32\msvcp_win.dll
0x00007ffe90d40000 - 0x00007ffe90d4a000 	C:\WINDOWS\SYSTEM32\VERSION.dll
0x00007ffe9a930000 - 0x00007ffe9a961000 	C:\WINDOWS\System32\IMM32.DLL
0x00007ffe78040000 - 0x00007ffe7804c000 	C:\Program Files\Java\jdk-21\bin\vcruntime140_1.dll
0x00007ffe59610000 - 0x00007ffe5969e000 	C:\Program Files\Java\jdk-21\bin\msvcp140.dll
0x00007ffde9100000 - 0x00007ffde9e13000 	C:\Program Files\Java\jdk-21\bin\server\jvm.dll
0x00007ffe9a3f0000 - 0x00007ffe9a461000 	C:\WINDOWS\System32\WS2_32.dll
0x00007ffe98170000 - 0x00007ffe981bd000 	C:\WINDOWS\SYSTEM32\POWRPROF.dll
0x00007ffe916c0000 - 0x00007ffe916f4000 	C:\WINDOWS\SYSTEM32\WINMM.dll
0x00007ffe98150000 - 0x00007ffe98163000 	C:\WINDOWS\SYSTEM32\UMPDC.dll
0x00007ffe98400000 - 0x00007ffe98418000 	C:\WINDOWS\SYSTEM32\kernel.appcore.dll
0x00007ffe773e0000 - 0x00007ffe773ea000 	C:\Program Files\Java\jdk-21\bin\jimage.dll
0x00007ffe96d40000 - 0x00007ffe96f72000 	C:\WINDOWS\SYSTEM32\DBGHELP.DLL
0x00007ffe9a470000 - 0x00007ffe9a7f8000 	C:\WINDOWS\System32\combase.dll
0x00007ffe9af50000 - 0x00007ffe9b027000 	C:\WINDOWS\System32\OLEAUT32.dll
0x00007ffe80ae0000 - 0x00007ffe80b12000 	C:\WINDOWS\SYSTEM32\dbgcore.DLL
0x00007ffe997c0000 - 0x00007ffe99839000 	C:\WINDOWS\System32\bcryptPrimitives.dll
0x00007ffe83f70000 - 0x00007ffe83f7f000 	C:\Program Files\Java\jdk-21\bin\instrument.dll
0x00007ffe6ca70000 - 0x00007ffe6ca8f000 	C:\Program Files\Java\jdk-21\bin\java.dll
0x00007ffe9b6d0000 - 0x00007ffe9bf2c000 	C:\WINDOWS\System32\SHELL32.dll
0x00007ffe97240000 - 0x00007ffe97b36000 	C:\WINDOWS\SYSTEM32\windows.storage.dll
0x00007ffe97100000 - 0x00007ffe9723e000 	C:\WINDOWS\SYSTEM32\wintypes.dll
0x00007ffe9a830000 - 0x00007ffe9a925000 	C:\WINDOWS\System32\SHCORE.dll
0x00007ffe9bf30000 - 0x00007ffe9bf8e000 	C:\WINDOWS\System32\shlwapi.dll
0x00007ffe99220000 - 0x00007ffe99241000 	C:\WINDOWS\SYSTEM32\profapi.dll
0x00007ffe35240000 - 0x00007ffe35317000 	C:\Program Files\Java\jdk-21\bin\jsvml.dll
0x00007ffe74b80000 - 0x00007ffe74b90000 	C:\Program Files\Java\jdk-21\bin\net.dll
0x00007ffe92960000 - 0x00007ffe92a96000 	C:\WINDOWS\SYSTEM32\WINHTTP.dll
0x00007ffe98870000 - 0x00007ffe988d9000 	C:\WINDOWS\system32\mswsock.dll
0x00007ffe6a960000 - 0x00007ffe6a976000 	C:\Program Files\Java\jdk-21\bin\nio.dll
0x00007ffe6a940000 - 0x00007ffe6a958000 	C:\Program Files\Java\jdk-21\bin\zip.dll
0x00007ffe6aa50000 - 0x00007ffe6aa6a000 	D:\IntelliJ IDEA 2023.3.4\bin\breakgen64.dll
0x00007ffe95790000 - 0x00007ffe95797000 	C:\Program Files\Java\jdk-21\bin\extnet.dll
0x00000250da2d0000 - 0x00000250da2d3000 	D:\openjfx-22_windows-x64_bin-sdk\javafx-sdk-22\bin\api-ms-win-core-console-l1-1-0.dll
0x00000250dc240000 - 0x00000250dc243000 	D:\openjfx-22_windows-x64_bin-sdk\javafx-sdk-22\bin\api-ms-win-core-console-l1-2-0.dll

dbghelp: loaded successfully - version: 4.0.5 - missing functions: none
symbol engine: initialized successfully - sym options: 0x614 - pdb path: .;C:\Program Files\Java\jdk-21\bin;C:\WINDOWS\SYSTEM32;C:\WINDOWS\WinSxS\amd64_microsoft.windows.common-controls_6595b64144ccf1df_6.0.22621.3527_none_270e469b73872a76;C:\Program Files\Java\jdk-21\bin\server;D:\IntelliJ IDEA 2023.3.4\bin;D:\openjfx-22_windows-x64_bin-sdk\javafx-sdk-22\bin

VM Arguments:
jvm_args: --module-path=D:\openjfx-22_windows-x64_bin-sdk\javafx-sdk-22\lib --add-modules=javafx.controls,javafx.fxml -javaagent:D:\IntelliJ IDEA 2023.3.4\lib\idea_rt.jar=63091:D:\IntelliJ IDEA 2023.3.4\bin -Dfile.encoding=UTF-8 -Dsun.stdout.encoding=UTF-8 -Dsun.stderr.encoding=UTF-8 
java_command: Controllers.App
java_class_path (initial): D:\HCMIU\Project\DSA_SodukuGame\sudokuGame\target\classes;C:\Users\Admin\.m2\repository\org\openjfx\javafx-controls\21\javafx-controls-21.jar;C:\Users\Admin\.m2\repository\org\openjfx\javafx-controls\21\javafx-controls-21-win.jar;C:\Users\Admin\.m2\repository\org\openjfx\javafx-graphics\21\javafx-graphics-21.jar;C:\Users\Admin\.m2\repository\org\openjfx\javafx-graphics\21\javafx-graphics-21-win.jar;C:\Users\Admin\.m2\repository\org\openjfx\javafx-base\21\javafx-base-21.jar;C:\Users\Admin\.m2\repository\org\openjfx\javafx-base\21\javafx-base-21-win.jar;C:\Users\Admin\.m2\repository\org\openjfx\javafx-fxml\21\javafx-fxml-21.jar;C:\Users\Admin\.m2\repository\org\openjfx\javafx-fxml\21\javafx-fxml-21-win.jar;C:\Users\Admin\.m2\repository\org\kordamp\bootstrapfx\bootstrapfx-core\0.4.0\bootstrapfx-core-0.4.0.jar
Launcher Type: SUN_STANDARD

[Global flags]
     intx CICompilerCount                          = 4                                         {product} {ergonomic}
     uint ConcGCThreads                            = 3                                         {product} {ergonomic}
     uint G1ConcRefinementThreads                  = 10                                        {product} {ergonomic}
   size_t G1HeapRegionSize                         = 1048576                                   {product} {ergonomic}
    uintx GCDrainStackTargetSize                   = 64                                        {product} {ergonomic}
   size_t InitialHeapSize                          = 98566144                                  {product} {ergonomic}
   size_t MarkStackSize                            = 4194304                                   {product} {ergonomic}
   size_t MaxHeapSize                              = 1572864000                                {product} {ergonomic}
   size_t MaxNewSize                               = 943718400                                 {product} {ergonomic}
   size_t MinHeapDeltaBytes                        = 1048576                                   {product} {ergonomic}
   size_t MinHeapSize                              = 8388608                                   {product} {ergonomic}
    uintx NonNMethodCodeHeapSize                   = 5839372                                {pd product} {ergonomic}
    uintx NonProfiledCodeHeapSize                  = 122909434                              {pd product} {ergonomic}
    uintx ProfiledCodeHeapSize                     = 122909434                              {pd product} {ergonomic}
    uintx ReservedCodeCacheSize                    = 251658240                              {pd product} {ergonomic}
     bool SegmentedCodeCache                       = true                                      {product} {ergonomic}
   size_t SoftMaxHeapSize                          = 1572864000                             {manageable} {ergonomic}
     bool UseCompressedOops                        = true                           {product lp64_product} {ergonomic}
     bool UseG1GC                                  = true                                      {product} {ergonomic}
     bool UseLargePagesIndividualAllocation        = false                                  {pd product} {ergonomic}

Logging:
Log output configuration:
 #0: stdout all=warning uptime,level,tags foldmultilines=false
 #1: stderr all=off uptime,level,tags foldmultilines=false

Environment Variables:
JAVA_HOME=C:\Program Files\Java\jdk-21
PATH=C:\Program Files\Common Files\Oracle\Java\javapath;C:\Program Files (x86)\Common Files\Oracle\Java\java8path;C:\Program Files (x86)\Common Files\Oracle\Java\javapath;C:\Windows\system32;C:\Windows;C:\Windows\System32\Wbem;C:\Windows\System32\WindowsPowerShell\v1.0\;C:\Windows\System32\OpenSSH\;C:\Program Files (x86)\NVIDIA Corporation\PhysX\Common;C:\Program Files\NVIDIA Corporation\NVIDIA NvDLISR;C:\WINDOWS\system32;C:\WINDOWS;C:\WINDOWS\System32\Wbem;C:\WINDOWS\System32\WindowsPowerShell\v1.0\;C:\WINDOWS\System32\OpenSSH\;C:\MinGW\bin;C:\mingw64\bin;C:\Program Files\Java\jdk-11.0.1\bin;C:\Program Files\Git\cmd;C:\Program Files\dotnet\;C:\Program Files (x86)\Microsoft SQL Server\160\Tools\Binn\;C:\Program Files\Microsoft SQL Server\160\Tools\Binn\;C:\Program Files\Microsoft SQL Server\Client SDK\ODBC\170\Tools\Binn\;C:\Program Files\Microsoft SQL Server\160\DTS\Binn\;C:\Program Files (x86)\Microsoft SQL Server\160\DTS\Binn\;C:\Program Files\Azure Data Studio\bin;C:\Users\Admin\AppData\Local\Programs\Python\Launcher\;C:\Users\Admin\AppData\Local\Programs\Eclipse Adoptium\jdk-17.0.8.101-hotspot\bin;C:\Users\Admin\AppData\Local\Microsoft\WindowsApps;C:\JetBrains\IntelliJ IDEA 2023.2.5\bin;;C:\Program Files\JetBrains\IntelliJ IDEA Educational Edition 2022.2.2\bin;;C:\Users\Admin\AppData\Local\GitHubDesktop\bin;C:\Users\Admin\AppData\Local\Programs\Microsoft VS Code\bin;C:\Users\Admin\.dotnet\tools;C:\Program Files\Azure Data Studio\bin
USERNAME=Admin
OS=Windows_NT
PROCESSOR_IDENTIFIER=AMD64 Family 25 Model 80 Stepping 0, AuthenticAMD
TMP=C:\Users\Admin\AppData\Local\Temp
TEMP=C:\Users\Admin\AppData\Local\Temp




---------------  S Y S T E M  ---------------

OS:
 Windows 11 , 64 bit Build 22621 (10.0.22621.3527)
OS uptime: 0 days 5:51 hours

CPU: total 12 (initial active 12) (12 cores per cpu, 2 threads per core) family 25 model 80 stepping 0 microcode 0x0, cx8, cmov, fxsr, ht, mmx, 3dnowpref, sse, sse2, sse3, ssse3, sse4a, sse4.1, sse4.2, popcnt, lzcnt, tsc, tscinvbit, avx, avx2, aes, erms, clmul, bmi1, bmi2, adx, sha, fma, vzeroupper, clflush, clflushopt, rdtscp, rdpid, fsrm, f16c, pku, cet_ss
Processor Information for processor 0
  Max Mhz: 3301, Current Mhz: 2630, Mhz Limit: 3301
Processor Information for processor 1
  Max Mhz: 3301, Current Mhz: 3301, Mhz Limit: 3301
Processor Information for processor 2
  Max Mhz: 3301, Current Mhz: 3301, Mhz Limit: 3301
Processor Information for processor 3
  Max Mhz: 3301, Current Mhz: 3301, Mhz Limit: 3301
Processor Information for processor 4
  Max Mhz: 3301, Current Mhz: 2630, Mhz Limit: 3301
Processor Information for processor 5
  Max Mhz: 3301, Current Mhz: 3301, Mhz Limit: 3301
Processor Information for processor 6
  Max Mhz: 3301, Current Mhz: 3301, Mhz Limit: 3301
Processor Information for processor 7
  Max Mhz: 3301, Current Mhz: 2630, Mhz Limit: 3301
Processor Information for processor 8
  Max Mhz: 3301, Current Mhz: 2630, Mhz Limit: 3301
Processor Information for processor 9
  Max Mhz: 3301, Current Mhz: 2630, Mhz Limit: 3301
Processor Information for processor 10
  Max Mhz: 3301, Current Mhz: 2630, Mhz Limit: 3301
Processor Information for processor 11
  Max Mhz: 3301, Current Mhz: 3301, Mhz Limit: 3301

Memory: 4k page, system-wide physical 5996M (1770M free)
TotalPageFile size 24428M (AvailPageFile size 5M)
current process WorkingSet (physical memory assigned to process): 63M, peak: 63M
current process commit charge ("private bytes"): 194M, peak: 194M

vm_info: Java HotSpot(TM) 64-Bit Server VM (21+35-LTS-2513) for windows-amd64 JRE (21+35-LTS-2513), built on 2023-08-09T20:25:10Z by "mach5one" with MS VC++ 17.1 (VS2022)

END.
